{"/workspaces/lab02-servidor-gRPC/lab02-servidor-grpc/client.js": {"path":"/workspaces/lab02-servidor-gRPC/lab02-servidor-grpc/client.js","statementMap":{"0":{"start":{"line":1,"column":13},"end":{"line":1,"column":37}},"1":{"start":{"line":2,"column":20},"end":{"line":2,"column":50}},"2":{"start":{"line":13,"column":8},"end":{"line":13,"column":43}},"3":{"start":{"line":14,"column":8},"end":{"line":14,"column":45}},"4":{"start":{"line":15,"column":8},"end":{"line":15,"column":31}},"5":{"start":{"line":16,"column":8},"end":{"line":16,"column":31}},"6":{"start":{"line":17,"column":8},"end":{"line":17,"column":33}},"7":{"start":{"line":21,"column":8},"end":{"line":36,"column":9}},"8":{"start":{"line":23,"column":30},"end":{"line":23,"column":86}},"9":{"start":{"line":24,"column":30},"end":{"line":24,"column":87}},"10":{"start":{"line":27,"column":32},"end":{"line":27,"column":65}},"11":{"start":{"line":29,"column":12},"end":{"line":29,"column":89}},"12":{"start":{"line":30,"column":12},"end":{"line":30,"column":89}},"13":{"start":{"line":32,"column":12},"end":{"line":32,"column":55}},"14":{"start":{"line":34,"column":12},"end":{"line":34,"column":72}},"15":{"start":{"line":35,"column":12},"end":{"line":35,"column":24}},"16":{"start":{"line":41,"column":8},"end":{"line":51,"column":10}},"17":{"start":{"line":42,"column":12},"end":{"line":50,"column":15}},"18":{"start":{"line":43,"column":16},"end":{"line":49,"column":19}},"19":{"start":{"line":44,"column":20},"end":{"line":48,"column":21}},"20":{"start":{"line":45,"column":24},"end":{"line":45,"column":38}},"21":{"start":{"line":47,"column":24},"end":{"line":47,"column":42}},"22":{"start":{"line":55,"column":32},"end":{"line":55,"column":75}},"23":{"start":{"line":56,"column":8},"end":{"line":56,"column":47}},"24":{"start":{"line":60,"column":29},"end":{"line":60,"column":69}},"25":{"start":{"line":61,"column":25},"end":{"line":61,"column":56}},"26":{"start":{"line":63,"column":8},"end":{"line":66,"column":9}},"27":{"start":{"line":64,"column":12},"end":{"line":64,"column":47}},"28":{"start":{"line":65,"column":12},"end":{"line":65,"column":55}},"29":{"start":{"line":68,"column":8},"end":{"line":68,"column":24}},"30":{"start":{"line":72,"column":30},"end":{"line":72,"column":75}},"31":{"start":{"line":73,"column":8},"end":{"line":76,"column":11}},"32":{"start":{"line":80,"column":32},"end":{"line":80,"column":75}},"33":{"start":{"line":81,"column":8},"end":{"line":84,"column":11}},"34":{"start":{"line":88,"column":31},"end":{"line":88,"column":73}},"35":{"start":{"line":89,"column":8},"end":{"line":92,"column":11}},"36":{"start":{"line":96,"column":30},"end":{"line":96,"column":75}},"37":{"start":{"line":97,"column":8},"end":{"line":101,"column":11}},"38":{"start":{"line":105,"column":30},"end":{"line":105,"column":75}},"39":{"start":{"line":106,"column":8},"end":{"line":109,"column":11}},"40":{"start":{"line":113,"column":29},"end":{"line":113,"column":76}},"41":{"start":{"line":114,"column":8},"end":{"line":116,"column":11}},"42":{"start":{"line":121,"column":23},"end":{"line":124,"column":10}},"43":{"start":{"line":126,"column":8},"end":{"line":132,"column":11}},"44":{"start":{"line":127,"column":12},"end":{"line":131,"column":15}},"45":{"start":{"line":134,"column":8},"end":{"line":136,"column":11}},"46":{"start":{"line":135,"column":12},"end":{"line":135,"column":59}},"47":{"start":{"line":138,"column":8},"end":{"line":140,"column":11}},"48":{"start":{"line":139,"column":12},"end":{"line":139,"column":65}},"49":{"start":{"line":142,"column":8},"end":{"line":142,"column":22}},"50":{"start":{"line":146,"column":23},"end":{"line":148,"column":10}},"51":{"start":{"line":150,"column":8},"end":{"line":158,"column":11}},"52":{"start":{"line":151,"column":28},"end":{"line":151,"column":74}},"53":{"start":{"line":152,"column":12},"end":{"line":157,"column":15}},"54":{"start":{"line":160,"column":8},"end":{"line":162,"column":11}},"55":{"start":{"line":161,"column":12},"end":{"line":161,"column":64}},"56":{"start":{"line":164,"column":8},"end":{"line":166,"column":11}},"57":{"start":{"line":165,"column":12},"end":{"line":165,"column":70}},"58":{"start":{"line":168,"column":8},"end":{"line":168,"column":22}},"59":{"start":{"line":174,"column":19},"end":{"line":174,"column":35}},"60":{"start":{"line":176,"column":4},"end":{"line":242,"column":5}},"61":{"start":{"line":177,"column":8},"end":{"line":177,"column":34}},"62":{"start":{"line":180,"column":8},"end":{"line":180,"column":51}},"63":{"start":{"line":181,"column":33},"end":{"line":187,"column":10}},"64":{"start":{"line":188,"column":8},"end":{"line":188,"column":59}},"65":{"start":{"line":191,"column":8},"end":{"line":191,"column":45}},"66":{"start":{"line":192,"column":30},"end":{"line":195,"column":10}},"67":{"start":{"line":196,"column":8},"end":{"line":196,"column":53}},"68":{"start":{"line":198,"column":8},"end":{"line":205,"column":9}},"69":{"start":{"line":200,"column":12},"end":{"line":200,"column":55}},"70":{"start":{"line":201,"column":12},"end":{"line":204,"column":15}},"71":{"start":{"line":208,"column":8},"end":{"line":208,"column":46}},"72":{"start":{"line":209,"column":31},"end":{"line":213,"column":10}},"73":{"start":{"line":214,"column":8},"end":{"line":214,"column":62}},"74":{"start":{"line":217,"column":8},"end":{"line":217,"column":48}},"75":{"start":{"line":218,"column":30},"end":{"line":218,"column":75}},"76":{"start":{"line":219,"column":8},"end":{"line":219,"column":73}},"77":{"start":{"line":222,"column":8},"end":{"line":226,"column":9}},"78":{"start":{"line":223,"column":12},"end":{"line":223,"column":62}},"79":{"start":{"line":224,"column":33},"end":{"line":224,"column":80}},"80":{"start":{"line":225,"column":12},"end":{"line":225,"column":71}},"81":{"start":{"line":229,"column":8},"end":{"line":229,"column":44}},"82":{"start":{"line":230,"column":30},"end":{"line":230,"column":53}},"83":{"start":{"line":231,"column":8},"end":{"line":231,"column":51}},"84":{"start":{"line":241,"column":8},"end":{"line":241,"column":56}},"85":{"start":{"line":246,"column":0},"end":{"line":248,"column":1}},"86":{"start":{"line":247,"column":4},"end":{"line":247,"column":28}},"87":{"start":{"line":250,"column":0},"end":{"line":250,"column":28}}},"fnMap":{"0":{"name":"(anonymous_0)","decl":{"start":{"line":12,"column":4},"end":{"line":12,"column":5}},"loc":{"start":{"line":12,"column":51},"end":{"line":18,"column":5}},"line":12},"1":{"name":"(anonymous_1)","decl":{"start":{"line":20,"column":4},"end":{"line":20,"column":5}},"loc":{"start":{"line":20,"column":23},"end":{"line":37,"column":5}},"line":20},"2":{"name":"(anonymous_2)","decl":{"start":{"line":40,"column":4},"end":{"line":40,"column":5}},"loc":{"start":{"line":40,"column":30},"end":{"line":52,"column":5}},"line":40},"3":{"name":"(anonymous_3)","decl":{"start":{"line":41,"column":15},"end":{"line":41,"column":16}},"loc":{"start":{"line":41,"column":28},"end":{"line":51,"column":9}},"line":41},"4":{"name":"(anonymous_4)","decl":{"start":{"line":42,"column":31},"end":{"line":42,"column":32}},"loc":{"start":{"line":42,"column":52},"end":{"line":50,"column":13}},"line":42},"5":{"name":"(anonymous_5)","decl":{"start":{"line":43,"column":40},"end":{"line":43,"column":41}},"loc":{"start":{"line":43,"column":61},"end":{"line":49,"column":17}},"line":43},"6":{"name":"(anonymous_6)","decl":{"start":{"line":54,"column":4},"end":{"line":54,"column":5}},"loc":{"start":{"line":54,"column":29},"end":{"line":57,"column":5}},"line":54},"7":{"name":"(anonymous_7)","decl":{"start":{"line":59,"column":4},"end":{"line":59,"column":5}},"loc":{"start":{"line":59,"column":29},"end":{"line":69,"column":5}},"line":59},"8":{"name":"(anonymous_8)","decl":{"start":{"line":71,"column":4},"end":{"line":71,"column":5}},"loc":{"start":{"line":71,"column":31},"end":{"line":77,"column":5}},"line":71},"9":{"name":"(anonymous_9)","decl":{"start":{"line":79,"column":4},"end":{"line":79,"column":5}},"loc":{"start":{"line":79,"column":33},"end":{"line":85,"column":5}},"line":79},"10":{"name":"(anonymous_10)","decl":{"start":{"line":87,"column":4},"end":{"line":87,"column":5}},"loc":{"start":{"line":87,"column":26},"end":{"line":93,"column":5}},"line":87},"11":{"name":"(anonymous_11)","decl":{"start":{"line":95,"column":4},"end":{"line":95,"column":5}},"loc":{"start":{"line":95,"column":38},"end":{"line":102,"column":5}},"line":95},"12":{"name":"(anonymous_12)","decl":{"start":{"line":104,"column":4},"end":{"line":104,"column":5}},"loc":{"start":{"line":104,"column":29},"end":{"line":110,"column":5}},"line":104},"13":{"name":"(anonymous_13)","decl":{"start":{"line":112,"column":4},"end":{"line":112,"column":5}},"loc":{"start":{"line":112,"column":21},"end":{"line":117,"column":5}},"line":112},"14":{"name":"(anonymous_14)","decl":{"start":{"line":120,"column":4},"end":{"line":120,"column":5}},"loc":{"start":{"line":120,"column":30},"end":{"line":143,"column":5}},"line":120},"15":{"name":"(anonymous_15)","decl":{"start":{"line":126,"column":26},"end":{"line":126,"column":27}},"loc":{"start":{"line":126,"column":36},"end":{"line":132,"column":9}},"line":126},"16":{"name":"(anonymous_16)","decl":{"start":{"line":134,"column":25},"end":{"line":134,"column":26}},"loc":{"start":{"line":134,"column":31},"end":{"line":136,"column":9}},"line":134},"17":{"name":"(anonymous_17)","decl":{"start":{"line":138,"column":27},"end":{"line":138,"column":28}},"loc":{"start":{"line":138,"column":38},"end":{"line":140,"column":9}},"line":138},"18":{"name":"(anonymous_18)","decl":{"start":{"line":145,"column":4},"end":{"line":145,"column":5}},"loc":{"start":{"line":145,"column":26},"end":{"line":169,"column":5}},"line":145},"19":{"name":"(anonymous_19)","decl":{"start":{"line":150,"column":26},"end":{"line":150,"column":27}},"loc":{"start":{"line":150,"column":44},"end":{"line":158,"column":9}},"line":150},"20":{"name":"(anonymous_20)","decl":{"start":{"line":160,"column":25},"end":{"line":160,"column":26}},"loc":{"start":{"line":160,"column":31},"end":{"line":162,"column":9}},"line":160},"21":{"name":"(anonymous_21)","decl":{"start":{"line":164,"column":27},"end":{"line":164,"column":28}},"loc":{"start":{"line":164,"column":38},"end":{"line":166,"column":9}},"line":164},"22":{"name":"demonstrateGrpcClient","decl":{"start":{"line":173,"column":15},"end":{"line":173,"column":36}},"loc":{"start":{"line":173,"column":39},"end":{"line":243,"column":1}},"line":173}},"branchMap":{"0":{"loc":{"start":{"line":12,"column":16},"end":{"line":12,"column":49}},"type":"default-arg","locations":[{"start":{"line":12,"column":32},"end":{"line":12,"column":49}}],"line":12},"1":{"loc":{"start":{"line":44,"column":20},"end":{"line":48,"column":21}},"type":"if","locations":[{"start":{"line":44,"column":20},"end":{"line":48,"column":21}},{"start":{"line":46,"column":27},"end":{"line":48,"column":21}}],"line":44},"2":{"loc":{"start":{"line":63,"column":8},"end":{"line":66,"column":9}},"type":"if","locations":[{"start":{"line":63,"column":8},"end":{"line":66,"column":9}},{"start":{},"end":{}}],"line":63},"3":{"loc":{"start":{"line":79,"column":19},"end":{"line":79,"column":31}},"type":"default-arg","locations":[{"start":{"line":79,"column":29},"end":{"line":79,"column":31}}],"line":79},"4":{"loc":{"start":{"line":120,"column":16},"end":{"line":120,"column":28}},"type":"default-arg","locations":[{"start":{"line":120,"column":26},"end":{"line":120,"column":28}}],"line":120},"5":{"loc":{"start":{"line":155,"column":22},"end":{"line":155,"column":72}},"type":"cond-expr","locations":[{"start":{"line":155,"column":42},"end":{"line":155,"column":65}},{"start":{"line":155,"column":68},"end":{"line":155,"column":72}}],"line":155},"6":{"loc":{"start":{"line":198,"column":8},"end":{"line":205,"column":9}},"type":"if","locations":[{"start":{"line":198,"column":8},"end":{"line":205,"column":9}},{"start":{},"end":{}}],"line":198},"7":{"loc":{"start":{"line":222,"column":8},"end":{"line":226,"column":9}},"type":"if","locations":[{"start":{"line":222,"column":8},"end":{"line":226,"column":9}},{"start":{},"end":{}}],"line":222},"8":{"loc":{"start":{"line":246,"column":0},"end":{"line":248,"column":1}},"type":"if","locations":[{"start":{"line":246,"column":0},"end":{"line":248,"column":1}},{"start":{},"end":{}}],"line":246}},"s":{"0":1,"1":1,"2":3,"3":3,"4":3,"5":3,"6":3,"7":3,"8":3,"9":3,"10":3,"11":3,"12":3,"13":3,"14":0,"15":0,"16":24,"17":24,"18":24,"19":24,"20":2,"21":22,"22":2,"23":2,"24":3,"25":3,"26":3,"27":1,"28":1,"29":3,"30":5,"31":5,"32":5,"33":5,"34":2,"35":2,"36":2,"37":2,"38":2,"39":2,"40":1,"41":1,"42":1,"43":1,"44":3,"45":1,"46":1,"47":1,"48":1,"49":1,"50":1,"51":1,"52":1,"53":1,"54":1,"55":1,"56":1,"57":1,"58":1,"59":0,"60":0,"61":0,"62":0,"63":0,"64":0,"65":0,"66":0,"67":0,"68":0,"69":0,"70":0,"71":0,"72":0,"73":0,"74":0,"75":0,"76":0,"77":0,"78":0,"79":0,"80":0,"81":0,"82":0,"83":0,"84":0,"85":1,"86":0,"87":1},"f":{"0":3,"1":3,"2":24,"3":24,"4":24,"5":24,"6":2,"7":3,"8":5,"9":5,"10":2,"11":2,"12":2,"13":1,"14":1,"15":3,"16":1,"17":1,"18":1,"19":1,"20":1,"21":1,"22":0},"b":{"0":[0],"1":[2,22],"2":[1,2],"3":[2],"4":[1],"5":[0,1],"6":[0,0],"7":[0,0],"8":[0,1]},"_coverageSchema":"1a1c01bbd47fc00a2c39e90264f33305004495a9","hash":"711dffa189760ed7b1905b67e8d579d4f232b630"}
,"/workspaces/lab02-servidor-gRPC/lab02-servidor-grpc/server.js": {"path":"/workspaces/lab02-servidor-gRPC/lab02-servidor-grpc/server.js","statementMap":{"0":{"start":{"line":1,"column":13},"end":{"line":1,"column":37}},"1":{"start":{"line":2,"column":20},"end":{"line":2,"column":50}},"2":{"start":{"line":3,"column":20},"end":{"line":3,"column":53}},"3":{"start":{"line":4,"column":20},"end":{"line":4,"column":53}},"4":{"start":{"line":5,"column":17},"end":{"line":5,"column":47}},"5":{"start":{"line":21,"column":8},"end":{"line":21,"column":40}},"6":{"start":{"line":22,"column":8},"end":{"line":22,"column":45}},"7":{"start":{"line":23,"column":8},"end":{"line":23,"column":45}},"8":{"start":{"line":24,"column":8},"end":{"line":24,"column":45}},"9":{"start":{"line":28,"column":8},"end":{"line":59,"column":9}},"10":{"start":{"line":30,"column":12},"end":{"line":30,"column":34}},"11":{"start":{"line":33,"column":30},"end":{"line":33,"column":86}},"12":{"start":{"line":34,"column":30},"end":{"line":34,"column":87}},"13":{"start":{"line":37,"column":12},"end":{"line":41,"column":15}},"14":{"start":{"line":44,"column":12},"end":{"line":53,"column":15}},"15":{"start":{"line":55,"column":12},"end":{"line":55,"column":67}},"16":{"start":{"line":57,"column":12},"end":{"line":57,"column":61}},"17":{"start":{"line":58,"column":12},"end":{"line":58,"column":24}},"18":{"start":{"line":63,"column":8},"end":{"line":102,"column":9}},"19":{"start":{"line":64,"column":12},"end":{"line":64,"column":36}},"20":{"start":{"line":66,"column":38},"end":{"line":66,"column":77}},"21":{"start":{"line":68,"column":12},"end":{"line":83,"column":15}},"22":{"start":{"line":69,"column":16},"end":{"line":72,"column":17}},"23":{"start":{"line":70,"column":20},"end":{"line":70,"column":73}},"24":{"start":{"line":71,"column":20},"end":{"line":71,"column":27}},"25":{"start":{"line":74,"column":16},"end":{"line":74,"column":36}},"26":{"start":{"line":75,"column":16},"end":{"line":75,"column":68}},"27":{"start":{"line":76,"column":16},"end":{"line":76,"column":79}},"28":{"start":{"line":77,"column":16},"end":{"line":77,"column":56}},"29":{"start":{"line":78,"column":16},"end":{"line":78,"column":65}},"30":{"start":{"line":79,"column":16},"end":{"line":79,"column":56}},"31":{"start":{"line":80,"column":16},"end":{"line":80,"column":83}},"32":{"start":{"line":81,"column":16},"end":{"line":81,"column":69}},"33":{"start":{"line":82,"column":16},"end":{"line":82,"column":68}},"34":{"start":{"line":86,"column":12},"end":{"line":97,"column":15}},"35":{"start":{"line":87,"column":16},"end":{"line":87,"column":58}},"36":{"start":{"line":88,"column":16},"end":{"line":96,"column":19}},"37":{"start":{"line":89,"column":20},"end":{"line":95,"column":21}},"38":{"start":{"line":90,"column":24},"end":{"line":90,"column":77}},"39":{"start":{"line":91,"column":24},"end":{"line":91,"column":40}},"40":{"start":{"line":93,"column":24},"end":{"line":93,"column":72}},"41":{"start":{"line":94,"column":24},"end":{"line":94,"column":40}},"42":{"start":{"line":100,"column":12},"end":{"line":100,"column":74}},"43":{"start":{"line":101,"column":12},"end":{"line":101,"column":28}},"44":{"start":{"line":107,"column":0},"end":{"line":111,"column":1}},"45":{"start":{"line":108,"column":19},"end":{"line":108,"column":35}},"46":{"start":{"line":109,"column":17},"end":{"line":109,"column":47}},"47":{"start":{"line":110,"column":4},"end":{"line":110,"column":23}},"48":{"start":{"line":113,"column":0},"end":{"line":113,"column":28}}},"fnMap":{"0":{"name":"(anonymous_0)","decl":{"start":{"line":20,"column":4},"end":{"line":20,"column":5}},"loc":{"start":{"line":20,"column":18},"end":{"line":25,"column":5}},"line":20},"1":{"name":"(anonymous_1)","decl":{"start":{"line":27,"column":4},"end":{"line":27,"column":5}},"loc":{"start":{"line":27,"column":23},"end":{"line":60,"column":5}},"line":27},"2":{"name":"(anonymous_2)","decl":{"start":{"line":62,"column":4},"end":{"line":62,"column":5}},"loc":{"start":{"line":62,"column":30},"end":{"line":103,"column":5}},"line":62},"3":{"name":"(anonymous_3)","decl":{"start":{"line":68,"column":72},"end":{"line":68,"column":73}},"loc":{"start":{"line":68,"column":94},"end":{"line":83,"column":13}},"line":68},"4":{"name":"(anonymous_4)","decl":{"start":{"line":86,"column":33},"end":{"line":86,"column":34}},"loc":{"start":{"line":86,"column":39},"end":{"line":97,"column":13}},"line":86},"5":{"name":"(anonymous_5)","decl":{"start":{"line":88,"column":40},"end":{"line":88,"column":41}},"loc":{"start":{"line":88,"column":51},"end":{"line":96,"column":17}},"line":88}},"branchMap":{"0":{"loc":{"start":{"line":62,"column":16},"end":{"line":62,"column":28}},"type":"default-arg","locations":[{"start":{"line":62,"column":23},"end":{"line":62,"column":28}}],"line":62},"1":{"loc":{"start":{"line":69,"column":16},"end":{"line":72,"column":17}},"type":"if","locations":[{"start":{"line":69,"column":16},"end":{"line":72,"column":17}},{"start":{},"end":{}}],"line":69},"2":{"loc":{"start":{"line":89,"column":20},"end":{"line":95,"column":21}},"type":"if","locations":[{"start":{"line":89,"column":20},"end":{"line":95,"column":21}},{"start":{"line":92,"column":27},"end":{"line":95,"column":21}}],"line":89},"3":{"loc":{"start":{"line":107,"column":0},"end":{"line":111,"column":1}},"type":"if","locations":[{"start":{"line":107,"column":0},"end":{"line":111,"column":1}},{"start":{},"end":{}}],"line":107},"4":{"loc":{"start":{"line":109,"column":17},"end":{"line":109,"column":47}},"type":"binary-expr","locations":[{"start":{"line":109,"column":17},"end":{"line":109,"column":38}},{"start":{"line":109,"column":42},"end":{"line":109,"column":47}}],"line":109}},"s":{"0":1,"1":1,"2":1,"3":1,"4":1,"5":1,"6":1,"7":1,"8":1,"9":1,"10":1,"11":1,"12":1,"13":1,"14":1,"15":1,"16":0,"17":0,"18":0,"19":0,"20":0,"21":0,"22":0,"23":0,"24":0,"25":0,"26":0,"27":0,"28":0,"29":0,"30":0,"31":0,"32":0,"33":0,"34":0,"35":0,"36":0,"37":0,"38":0,"39":0,"40":0,"41":0,"42":0,"43":0,"44":1,"45":0,"46":0,"47":0,"48":1},"f":{"0":1,"1":1,"2":0,"3":0,"4":0,"5":0},"b":{"0":[0],"1":[0,0],"2":[0,0],"3":[0,1],"4":[0,0]},"_coverageSchema":"1a1c01bbd47fc00a2c39e90264f33305004495a9","hash":"fda7f3341c245b76764f1a0519d128ef88448b3c"}
,"/workspaces/lab02-servidor-gRPC/lab02-servidor-grpc/database/database.js": {"path":"/workspaces/lab02-servidor-gRPC/lab02-servidor-grpc/database/database.js","statementMap":{"0":{"start":{"line":1,"column":16},"end":{"line":1,"column":44}},"1":{"start":{"line":2,"column":13},"end":{"line":2,"column":28}},"2":{"start":{"line":6,"column":8},"end":{"line":6,"column":60}},"3":{"start":{"line":7,"column":8},"end":{"line":7,"column":23}},"4":{"start":{"line":11,"column":8},"end":{"line":11,"column":52}},"5":{"start":{"line":12,"column":8},"end":{"line":12,"column":34}},"6":{"start":{"line":13,"column":8},"end":{"line":13,"column":52}},"7":{"start":{"line":17,"column":26},"end":{"line":26,"column":14}},"8":{"start":{"line":28,"column":26},"end":{"line":39,"column":14}},"9":{"start":{"line":41,"column":8},"end":{"line":44,"column":11}},"10":{"start":{"line":49,"column":8},"end":{"line":54,"column":11}},"11":{"start":{"line":50,"column":12},"end":{"line":53,"column":15}},"12":{"start":{"line":51,"column":16},"end":{"line":52,"column":73}},"13":{"start":{"line":51,"column":25},"end":{"line":51,"column":37}},"14":{"start":{"line":52,"column":21},"end":{"line":52,"column":73}},"15":{"start":{"line":58,"column":8},"end":{"line":63,"column":11}},"16":{"start":{"line":59,"column":12},"end":{"line":62,"column":15}},"17":{"start":{"line":60,"column":16},"end":{"line":61,"column":34}},"18":{"start":{"line":60,"column":25},"end":{"line":60,"column":37}},"19":{"start":{"line":61,"column":21},"end":{"line":61,"column":34}},"20":{"start":{"line":67,"column":8},"end":{"line":72,"column":11}},"21":{"start":{"line":68,"column":12},"end":{"line":71,"column":15}},"22":{"start":{"line":69,"column":16},"end":{"line":70,"column":35}},"23":{"start":{"line":69,"column":25},"end":{"line":69,"column":37}},"24":{"start":{"line":70,"column":21},"end":{"line":70,"column":35}},"25":{"start":{"line":77,"column":23},"end":{"line":77,"column":41}},"26":{"start":{"line":78,"column":29},"end":{"line":78,"column":54}},"27":{"start":{"line":79,"column":25},"end":{"line":79,"column":85}},"28":{"start":{"line":81,"column":36},"end":{"line":84,"column":10}},"29":{"start":{"line":86,"column":8},"end":{"line":92,"column":10}},"30":{"start":{"line":96,"column":0},"end":{"line":96,"column":32}}},"fnMap":{"0":{"name":"(anonymous_0)","decl":{"start":{"line":5,"column":4},"end":{"line":5,"column":5}},"loc":{"start":{"line":5,"column":18},"end":{"line":8,"column":5}},"line":5},"1":{"name":"(anonymous_1)","decl":{"start":{"line":10,"column":4},"end":{"line":10,"column":5}},"loc":{"start":{"line":10,"column":17},"end":{"line":14,"column":5}},"line":10},"2":{"name":"(anonymous_2)","decl":{"start":{"line":16,"column":4},"end":{"line":16,"column":5}},"loc":{"start":{"line":16,"column":25},"end":{"line":45,"column":5}},"line":16},"3":{"name":"(anonymous_3)","decl":{"start":{"line":48,"column":4},"end":{"line":48,"column":5}},"loc":{"start":{"line":48,"column":26},"end":{"line":55,"column":5}},"line":48},"4":{"name":"(anonymous_4)","decl":{"start":{"line":49,"column":27},"end":{"line":49,"column":28}},"loc":{"start":{"line":49,"column":48},"end":{"line":54,"column":9}},"line":49},"5":{"name":"(anonymous_5)","decl":{"start":{"line":50,"column":37},"end":{"line":50,"column":38}},"loc":{"start":{"line":50,"column":51},"end":{"line":53,"column":13}},"line":50},"6":{"name":"(anonymous_6)","decl":{"start":{"line":57,"column":4},"end":{"line":57,"column":5}},"loc":{"start":{"line":57,"column":26},"end":{"line":64,"column":5}},"line":57},"7":{"name":"(anonymous_7)","decl":{"start":{"line":58,"column":27},"end":{"line":58,"column":28}},"loc":{"start":{"line":58,"column":48},"end":{"line":63,"column":9}},"line":58},"8":{"name":"(anonymous_8)","decl":{"start":{"line":59,"column":37},"end":{"line":59,"column":38}},"loc":{"start":{"line":59,"column":51},"end":{"line":62,"column":13}},"line":59},"9":{"name":"(anonymous_9)","decl":{"start":{"line":66,"column":4},"end":{"line":66,"column":5}},"loc":{"start":{"line":66,"column":26},"end":{"line":73,"column":5}},"line":66},"10":{"name":"(anonymous_10)","decl":{"start":{"line":67,"column":27},"end":{"line":67,"column":28}},"loc":{"start":{"line":67,"column":48},"end":{"line":72,"column":9}},"line":67},"11":{"name":"(anonymous_11)","decl":{"start":{"line":68,"column":37},"end":{"line":68,"column":38}},"loc":{"start":{"line":68,"column":52},"end":{"line":71,"column":13}},"line":68},"12":{"name":"(anonymous_12)","decl":{"start":{"line":76,"column":4},"end":{"line":76,"column":5}},"loc":{"start":{"line":76,"column":66},"end":{"line":93,"column":5}},"line":76}},"branchMap":{"0":{"loc":{"start":{"line":48,"column":13},"end":{"line":48,"column":24}},"type":"default-arg","locations":[{"start":{"line":48,"column":22},"end":{"line":48,"column":24}}],"line":48},"1":{"loc":{"start":{"line":51,"column":16},"end":{"line":52,"column":73}},"type":"if","locations":[{"start":{"line":51,"column":16},"end":{"line":52,"column":73}},{"start":{"line":52,"column":21},"end":{"line":52,"column":73}}],"line":51},"2":{"loc":{"start":{"line":57,"column":13},"end":{"line":57,"column":24}},"type":"default-arg","locations":[{"start":{"line":57,"column":22},"end":{"line":57,"column":24}}],"line":57},"3":{"loc":{"start":{"line":60,"column":16},"end":{"line":61,"column":34}},"type":"if","locations":[{"start":{"line":60,"column":16},"end":{"line":61,"column":34}},{"start":{"line":61,"column":21},"end":{"line":61,"column":34}}],"line":60},"4":{"loc":{"start":{"line":66,"column":13},"end":{"line":66,"column":24}},"type":"default-arg","locations":[{"start":{"line":66,"column":22},"end":{"line":66,"column":24}}],"line":66},"5":{"loc":{"start":{"line":69,"column":16},"end":{"line":70,"column":35}},"type":"if","locations":[{"start":{"line":69,"column":16},"end":{"line":70,"column":35}},{"start":{"line":70,"column":21},"end":{"line":70,"column":35}}],"line":69},"6":{"loc":{"start":{"line":76,"column":44},"end":{"line":76,"column":52}},"type":"default-arg","locations":[{"start":{"line":76,"column":51},"end":{"line":76,"column":52}}],"line":76},"7":{"loc":{"start":{"line":76,"column":54},"end":{"line":76,"column":64}},"type":"default-arg","locations":[{"start":{"line":76,"column":62},"end":{"line":76,"column":64}}],"line":76}},"s":{"0":1,"1":1,"2":1,"3":1,"4":1,"5":1,"6":1,"7":1,"8":1,"9":1,"10":11,"11":11,"12":11,"13":0,"14":11,"15":18,"16":18,"17":18,"18":0,"19":18,"20":4,"21":4,"22":4,"23":0,"24":4,"25":3,"26":3,"27":3,"28":3,"29":3,"30":1},"f":{"0":1,"1":1,"2":1,"3":11,"4":11,"5":11,"6":18,"7":18,"8":18,"9":4,"10":4,"11":4,"12":3},"b":{"0":[2],"1":[0,11],"2":[0],"3":[0,18],"4":[0],"5":[0,4],"6":[0],"7":[0]},"_coverageSchema":"1a1c01bbd47fc00a2c39e90264f33305004495a9","hash":"db944a96be79fbddfc4dd5e0403c33299396f345"}
,"/workspaces/lab02-servidor-gRPC/lab02-servidor-grpc/models/Task.js": {"path":"/workspaces/lab02-servidor-gRPC/lab02-servidor-grpc/models/Task.js","statementMap":{"0":{"start":{"line":1,"column":20},"end":{"line":1,"column":51}},"1":{"start":{"line":5,"column":8},"end":{"line":5,"column":26}},"2":{"start":{"line":6,"column":8},"end":{"line":6,"column":32}},"3":{"start":{"line":7,"column":8},"end":{"line":7,"column":50}},"4":{"start":{"line":8,"column":8},"end":{"line":8,"column":49}},"5":{"start":{"line":9,"column":8},"end":{"line":9,"column":50}},"6":{"start":{"line":10,"column":8},"end":{"line":10,"column":50}},"7":{"start":{"line":11,"column":8},"end":{"line":11,"column":59}},"8":{"start":{"line":12,"column":8},"end":{"line":12,"column":59}},"9":{"start":{"line":16,"column":23},"end":{"line":16,"column":25}},"10":{"start":{"line":17,"column":8},"end":{"line":17,"column":69}},"11":{"start":{"line":17,"column":33},"end":{"line":17,"column":69}},"12":{"start":{"line":18,"column":8},"end":{"line":18,"column":63}},"13":{"start":{"line":18,"column":26},"end":{"line":18,"column":63}},"14":{"start":{"line":19,"column":8},"end":{"line":21,"column":9}},"15":{"start":{"line":20,"column":12},"end":{"line":20,"column":76}},"16":{"start":{"line":22,"column":8},"end":{"line":22,"column":56}},"17":{"start":{"line":27,"column":8},"end":{"line":36,"column":10}},"18":{"start":{"line":41,"column":8},"end":{"line":50,"column":11}},"19":{"start":{"line":54,"column":8},"end":{"line":54,"column":27}},"20":{"start":{"line":58,"column":0},"end":{"line":58,"column":22}}},"fnMap":{"0":{"name":"(anonymous_0)","decl":{"start":{"line":4,"column":4},"end":{"line":4,"column":5}},"loc":{"start":{"line":4,"column":22},"end":{"line":13,"column":5}},"line":4},"1":{"name":"(anonymous_1)","decl":{"start":{"line":15,"column":4},"end":{"line":15,"column":5}},"loc":{"start":{"line":15,"column":15},"end":{"line":23,"column":5}},"line":15},"2":{"name":"(anonymous_2)","decl":{"start":{"line":26,"column":4},"end":{"line":26,"column":5}},"loc":{"start":{"line":26,"column":17},"end":{"line":37,"column":5}},"line":26},"3":{"name":"(anonymous_3)","decl":{"start":{"line":40,"column":4},"end":{"line":40,"column":5}},"loc":{"start":{"line":40,"column":35},"end":{"line":51,"column":5}},"line":40},"4":{"name":"(anonymous_4)","decl":{"start":{"line":53,"column":4},"end":{"line":53,"column":5}},"loc":{"start":{"line":53,"column":13},"end":{"line":55,"column":5}},"line":53}},"branchMap":{"0":{"loc":{"start":{"line":7,"column":27},"end":{"line":7,"column":49}},"type":"binary-expr","locations":[{"start":{"line":7,"column":27},"end":{"line":7,"column":43}},{"start":{"line":7,"column":47},"end":{"line":7,"column":49}}],"line":7},"1":{"loc":{"start":{"line":8,"column":25},"end":{"line":8,"column":48}},"type":"binary-expr","locations":[{"start":{"line":8,"column":25},"end":{"line":8,"column":39}},{"start":{"line":8,"column":43},"end":{"line":8,"column":48}}],"line":8},"2":{"loc":{"start":{"line":9,"column":24},"end":{"line":9,"column":49}},"type":"binary-expr","locations":[{"start":{"line":9,"column":24},"end":{"line":9,"column":37}},{"start":{"line":9,"column":41},"end":{"line":9,"column":49}}],"line":9},"3":{"loc":{"start":{"line":10,"column":22},"end":{"line":10,"column":49}},"type":"binary-expr","locations":[{"start":{"line":10,"column":22},"end":{"line":10,"column":33}},{"start":{"line":10,"column":37},"end":{"line":10,"column":49}}],"line":10},"4":{"loc":{"start":{"line":11,"column":25},"end":{"line":11,"column":58}},"type":"binary-expr","locations":[{"start":{"line":11,"column":25},"end":{"line":11,"column":39}},{"start":{"line":11,"column":43},"end":{"line":11,"column":58}}],"line":11},"5":{"loc":{"start":{"line":12,"column":25},"end":{"line":12,"column":58}},"type":"binary-expr","locations":[{"start":{"line":12,"column":25},"end":{"line":12,"column":39}},{"start":{"line":12,"column":43},"end":{"line":12,"column":58}}],"line":12},"6":{"loc":{"start":{"line":17,"column":8},"end":{"line":17,"column":69}},"type":"if","locations":[{"start":{"line":17,"column":8},"end":{"line":17,"column":69}},{"start":{},"end":{}}],"line":17},"7":{"loc":{"start":{"line":18,"column":8},"end":{"line":18,"column":63}},"type":"if","locations":[{"start":{"line":18,"column":8},"end":{"line":18,"column":63}},{"start":{},"end":{}}],"line":18},"8":{"loc":{"start":{"line":19,"column":8},"end":{"line":21,"column":9}},"type":"if","locations":[{"start":{"line":19,"column":8},"end":{"line":21,"column":9}},{"start":{},"end":{}}],"line":19},"9":{"loc":{"start":{"line":34,"column":24},"end":{"line":34,"column":98}},"type":"cond-expr","locations":[{"start":{"line":34,"column":41},"end":{"line":34,"column":94}},{"start":{"line":34,"column":97},"end":{"line":34,"column":98}}],"line":34},"10":{"loc":{"start":{"line":35,"column":24},"end":{"line":35,"column":98}},"type":"cond-expr","locations":[{"start":{"line":35,"column":41},"end":{"line":35,"column":94}},{"start":{"line":35,"column":97},"end":{"line":35,"column":98}}],"line":35}},"s":{"0":1,"1":14,"2":14,"3":14,"4":14,"5":14,"6":14,"7":14,"8":14,"9":4,"10":4,"11":0,"12":4,"13":0,"14":4,"15":0,"16":4,"17":13,"18":0,"19":0,"20":1},"f":{"0":14,"1":4,"2":13,"3":0,"4":0},"b":{"0":[14,0],"1":[14,9],"2":[14,0],"3":[14,0],"4":[14,4],"5":[14,4],"6":[0,4],"7":[0,4],"8":[0,4],"9":[9,4],"10":[9,4]},"_coverageSchema":"1a1c01bbd47fc00a2c39e90264f33305004495a9","hash":"9730472fb12158f93f284ad674fb3a98b2cea089"}
,"/workspaces/lab02-servidor-gRPC/lab02-servidor-grpc/models/User.js": {"path":"/workspaces/lab02-servidor-gRPC/lab02-servidor-grpc/models/User.js","statementMap":{"0":{"start":{"line":1,"column":15},"end":{"line":1,"column":34}},"1":{"start":{"line":2,"column":12},"end":{"line":2,"column":35}},"2":{"start":{"line":3,"column":15},"end":{"line":3,"column":95}},"3":{"start":{"line":7,"column":8},"end":{"line":7,"column":26}},"4":{"start":{"line":8,"column":8},"end":{"line":8,"column":32}},"5":{"start":{"line":9,"column":8},"end":{"line":9,"column":38}},"6":{"start":{"line":10,"column":8},"end":{"line":10,"column":38}},"7":{"start":{"line":11,"column":8},"end":{"line":11,"column":59}},"8":{"start":{"line":12,"column":8},"end":{"line":12,"column":56}},"9":{"start":{"line":13,"column":8},"end":{"line":13,"column":59}},"10":{"start":{"line":17,"column":8},"end":{"line":17,"column":61}},"11":{"start":{"line":21,"column":8},"end":{"line":21,"column":64}},"12":{"start":{"line":25,"column":8},"end":{"line":29,"column":10}},"13":{"start":{"line":34,"column":8},"end":{"line":41,"column":10}},"14":{"start":{"line":45,"column":38},"end":{"line":45,"column":42}},"15":{"start":{"line":46,"column":8},"end":{"line":46,"column":20}},"16":{"start":{"line":50,"column":0},"end":{"line":50,"column":22}}},"fnMap":{"0":{"name":"(anonymous_0)","decl":{"start":{"line":6,"column":4},"end":{"line":6,"column":5}},"loc":{"start":{"line":6,"column":22},"end":{"line":14,"column":5}},"line":6},"1":{"name":"(anonymous_1)","decl":{"start":{"line":16,"column":4},"end":{"line":16,"column":5}},"loc":{"start":{"line":16,"column":25},"end":{"line":18,"column":5}},"line":16},"2":{"name":"(anonymous_2)","decl":{"start":{"line":20,"column":4},"end":{"line":20,"column":5}},"loc":{"start":{"line":20,"column":45},"end":{"line":22,"column":5}},"line":20},"3":{"name":"(anonymous_3)","decl":{"start":{"line":24,"column":4},"end":{"line":24,"column":5}},"loc":{"start":{"line":24,"column":20},"end":{"line":30,"column":5}},"line":24},"4":{"name":"(anonymous_4)","decl":{"start":{"line":33,"column":4},"end":{"line":33,"column":5}},"loc":{"start":{"line":33,"column":17},"end":{"line":42,"column":5}},"line":33},"5":{"name":"(anonymous_5)","decl":{"start":{"line":44,"column":4},"end":{"line":44,"column":5}},"loc":{"start":{"line":44,"column":13},"end":{"line":47,"column":5}},"line":44}},"branchMap":{"0":{"loc":{"start":{"line":3,"column":28},"end":{"line":3,"column":71}},"type":"binary-expr","locations":[{"start":{"line":3,"column":28},"end":{"line":3,"column":50}},{"start":{"line":3,"column":54},"end":{"line":3,"column":71}}],"line":3},"1":{"loc":{"start":{"line":11,"column":25},"end":{"line":11,"column":58}},"type":"binary-expr","locations":[{"start":{"line":11,"column":25},"end":{"line":11,"column":39}},{"start":{"line":11,"column":43},"end":{"line":11,"column":58}}],"line":11},"2":{"loc":{"start":{"line":12,"column":24},"end":{"line":12,"column":55}},"type":"binary-expr","locations":[{"start":{"line":12,"column":24},"end":{"line":12,"column":37}},{"start":{"line":12,"column":41},"end":{"line":12,"column":55}}],"line":12},"3":{"loc":{"start":{"line":13,"column":25},"end":{"line":13,"column":58}},"type":"binary-expr","locations":[{"start":{"line":13,"column":25},"end":{"line":13,"column":39}},{"start":{"line":13,"column":43},"end":{"line":13,"column":58}}],"line":13},"4":{"loc":{"start":{"line":40,"column":24},"end":{"line":40,"column":98}},"type":"cond-expr","locations":[{"start":{"line":40,"column":41},"end":{"line":40,"column":94}},{"start":{"line":40,"column":97},"end":{"line":40,"column":98}}],"line":40}},"s":{"0":1,"1":1,"2":1,"3":4,"4":4,"5":4,"6":4,"7":4,"8":4,"9":4,"10":2,"11":1,"12":3,"13":4,"14":0,"15":0,"16":1},"f":{"0":4,"1":2,"2":1,"3":3,"4":4,"5":0},"b":{"0":[1,1],"1":[4,0],"2":[4,0],"3":[4,2],"4":[2,2]},"_coverageSchema":"1a1c01bbd47fc00a2c39e90264f33305004495a9","hash":"4e553eb7de7f4f22ae79d009302456c2870216c5"}
,"/workspaces/lab02-servidor-gRPC/lab02-servidor-grpc/services/AuthService.js": {"path":"/workspaces/lab02-servidor-gRPC/lab02-servidor-grpc/services/AuthService.js","statementMap":{"0":{"start":{"line":1,"column":13},"end":{"line":1,"column":37}},"1":{"start":{"line":2,"column":23},"end":{"line":2,"column":38}},"2":{"start":{"line":3,"column":13},"end":{"line":3,"column":38}},"3":{"start":{"line":4,"column":17},"end":{"line":4,"column":48}},"4":{"start":{"line":5,"column":12},"end":{"line":5,"column":35}},"5":{"start":{"line":15,"column":8},"end":{"line":73,"column":9}},"6":{"start":{"line":16,"column":73},"end":{"line":16,"column":85}},"7":{"start":{"line":19,"column":12},"end":{"line":25,"column":13}},"8":{"start":{"line":20,"column":16},"end":{"line":24,"column":19}},"9":{"start":{"line":28,"column":33},"end":{"line":31,"column":13}},"10":{"start":{"line":33,"column":12},"end":{"line":39,"column":13}},"11":{"start":{"line":34,"column":16},"end":{"line":38,"column":19}},"12":{"start":{"line":42,"column":29},"end":{"line":49,"column":13}},"13":{"start":{"line":50,"column":25},"end":{"line":50,"column":43}},"14":{"start":{"line":51,"column":12},"end":{"line":51,"column":38}},"15":{"start":{"line":53,"column":12},"end":{"line":56,"column":14}},"16":{"start":{"line":58,"column":26},"end":{"line":58,"column":46}},"17":{"start":{"line":60,"column":12},"end":{"line":65,"column":15}},"18":{"start":{"line":67,"column":12},"end":{"line":67,"column":54}},"19":{"start":{"line":68,"column":12},"end":{"line":72,"column":15}},"20":{"start":{"line":80,"column":8},"end":{"line":130,"column":9}},"21":{"start":{"line":81,"column":45},"end":{"line":81,"column":57}},"22":{"start":{"line":83,"column":12},"end":{"line":89,"column":13}},"23":{"start":{"line":84,"column":16},"end":{"line":88,"column":19}},"24":{"start":{"line":91,"column":29},"end":{"line":94,"column":13}},"25":{"start":{"line":96,"column":12},"end":{"line":102,"column":13}},"26":{"start":{"line":97,"column":16},"end":{"line":101,"column":19}},"27":{"start":{"line":104,"column":25},"end":{"line":104,"column":43}},"28":{"start":{"line":105,"column":36},"end":{"line":105,"column":72}},"29":{"start":{"line":107,"column":12},"end":{"line":113,"column":13}},"30":{"start":{"line":108,"column":16},"end":{"line":112,"column":19}},"31":{"start":{"line":115,"column":26},"end":{"line":115,"column":46}},"32":{"start":{"line":117,"column":12},"end":{"line":122,"column":15}},"33":{"start":{"line":124,"column":12},"end":{"line":124,"column":51}},"34":{"start":{"line":125,"column":12},"end":{"line":129,"column":15}},"35":{"start":{"line":137,"column":8},"end":{"line":172,"column":9}},"36":{"start":{"line":138,"column":30},"end":{"line":138,"column":42}},"37":{"start":{"line":139,"column":30},"end":{"line":139,"column":73}},"38":{"start":{"line":141,"column":12},"end":{"line":146,"column":13}},"39":{"start":{"line":142,"column":16},"end":{"line":145,"column":19}},"40":{"start":{"line":148,"column":28},"end":{"line":148,"column":56}},"41":{"start":{"line":151,"column":29},"end":{"line":151,"column":97}},"42":{"start":{"line":153,"column":12},"end":{"line":158,"column":13}},"43":{"start":{"line":154,"column":16},"end":{"line":157,"column":19}},"44":{"start":{"line":160,"column":25},"end":{"line":160,"column":43}},"45":{"start":{"line":162,"column":12},"end":{"line":166,"column":15}},"46":{"start":{"line":168,"column":12},"end":{"line":171,"column":15}},"47":{"start":{"line":176,"column":0},"end":{"line":176,"column":29}}},"fnMap":{"0":{"name":"(anonymous_0)","decl":{"start":{"line":14,"column":4},"end":{"line":14,"column":5}},"loc":{"start":{"line":14,"column":35},"end":{"line":74,"column":5}},"line":14},"1":{"name":"(anonymous_1)","decl":{"start":{"line":79,"column":4},"end":{"line":79,"column":5}},"loc":{"start":{"line":79,"column":32},"end":{"line":131,"column":5}},"line":79},"2":{"name":"(anonymous_2)","decl":{"start":{"line":136,"column":4},"end":{"line":136,"column":5}},"loc":{"start":{"line":136,"column":40},"end":{"line":173,"column":5}},"line":136}},"branchMap":{"0":{"loc":{"start":{"line":19,"column":12},"end":{"line":25,"column":13}},"type":"if","locations":[{"start":{"line":19,"column":12},"end":{"line":25,"column":13}},{"start":{},"end":{}}],"line":19},"1":{"loc":{"start":{"line":19,"column":16},"end":{"line":19,"column":77}},"type":"binary-expr","locations":[{"start":{"line":19,"column":16},"end":{"line":19,"column":22}},{"start":{"line":19,"column":26},"end":{"line":19,"column":35}},{"start":{"line":19,"column":39},"end":{"line":19,"column":48}},{"start":{"line":19,"column":52},"end":{"line":19,"column":63}},{"start":{"line":19,"column":67},"end":{"line":19,"column":77}}],"line":19},"2":{"loc":{"start":{"line":33,"column":12},"end":{"line":39,"column":13}},"type":"if","locations":[{"start":{"line":33,"column":12},"end":{"line":39,"column":13}},{"start":{},"end":{}}],"line":33},"3":{"loc":{"start":{"line":83,"column":12},"end":{"line":89,"column":13}},"type":"if","locations":[{"start":{"line":83,"column":12},"end":{"line":89,"column":13}},{"start":{},"end":{}}],"line":83},"4":{"loc":{"start":{"line":83,"column":16},"end":{"line":83,"column":40}},"type":"binary-expr","locations":[{"start":{"line":83,"column":16},"end":{"line":83,"column":27}},{"start":{"line":83,"column":31},"end":{"line":83,"column":40}}],"line":83},"5":{"loc":{"start":{"line":96,"column":12},"end":{"line":102,"column":13}},"type":"if","locations":[{"start":{"line":96,"column":12},"end":{"line":102,"column":13}},{"start":{},"end":{}}],"line":96},"6":{"loc":{"start":{"line":107,"column":12},"end":{"line":113,"column":13}},"type":"if","locations":[{"start":{"line":107,"column":12},"end":{"line":113,"column":13}},{"start":{},"end":{}}],"line":107},"7":{"loc":{"start":{"line":139,"column":30},"end":{"line":139,"column":73}},"type":"binary-expr","locations":[{"start":{"line":139,"column":30},"end":{"line":139,"column":52}},{"start":{"line":139,"column":56},"end":{"line":139,"column":73}}],"line":139},"8":{"loc":{"start":{"line":141,"column":12},"end":{"line":146,"column":13}},"type":"if","locations":[{"start":{"line":141,"column":12},"end":{"line":146,"column":13}},{"start":{},"end":{}}],"line":141},"9":{"loc":{"start":{"line":153,"column":12},"end":{"line":158,"column":13}},"type":"if","locations":[{"start":{"line":153,"column":12},"end":{"line":158,"column":13}},{"start":{},"end":{}}],"line":153}},"s":{"0":1,"1":1,"2":1,"3":1,"4":1,"5":2,"6":2,"7":2,"8":0,"9":2,"10":2,"11":0,"12":2,"13":2,"14":2,"15":2,"16":2,"17":2,"18":0,"19":0,"20":3,"21":3,"22":3,"23":0,"24":3,"25":3,"26":2,"27":1,"28":1,"29":1,"30":0,"31":1,"32":1,"33":0,"34":0,"35":2,"36":2,"37":2,"38":2,"39":0,"40":2,"41":1,"42":1,"43":0,"44":1,"45":1,"46":1,"47":1},"f":{"0":2,"1":3,"2":2},"b":{"0":[0,2],"1":[2,2,2,2,2],"2":[0,2],"3":[0,3],"4":[3,3],"5":[2,1],"6":[0,1],"7":[2,2],"8":[0,2],"9":[0,1]},"_coverageSchema":"1a1c01bbd47fc00a2c39e90264f33305004495a9","hash":"23c122ab760561ae4f0ce2f4109c4a4b0ee5d9e8"}
,"/workspaces/lab02-servidor-gRPC/lab02-servidor-grpc/services/TaskService.js": {"path":"/workspaces/lab02-servidor-gRPC/lab02-servidor-grpc/services/TaskService.js","statementMap":{"0":{"start":{"line":1,"column":13},"end":{"line":1,"column":37}},"1":{"start":{"line":2,"column":23},"end":{"line":2,"column":38}},"2":{"start":{"line":3,"column":12},"end":{"line":3,"column":35}},"3":{"start":{"line":4,"column":13},"end":{"line":4,"column":38}},"4":{"start":{"line":5,"column":17},"end":{"line":5,"column":48}},"5":{"start":{"line":6,"column":20},"end":{"line":6,"column":51}},"6":{"start":{"line":10,"column":8},"end":{"line":10,"column":43}},"7":{"start":{"line":17,"column":26},"end":{"line":17,"column":69}},"8":{"start":{"line":18,"column":8},"end":{"line":22,"column":9}},"9":{"start":{"line":19,"column":12},"end":{"line":19,"column":48}},"10":{"start":{"line":21,"column":12},"end":{"line":21,"column":46}},"11":{"start":{"line":29,"column":8},"end":{"line":81,"column":9}},"12":{"start":{"line":30,"column":60},"end":{"line":30,"column":72}},"13":{"start":{"line":33,"column":25},"end":{"line":33,"column":56}},"14":{"start":{"line":35,"column":12},"end":{"line":41,"column":13}},"15":{"start":{"line":36,"column":16},"end":{"line":40,"column":19}},"16":{"start":{"line":43,"column":29},"end":{"line":50,"column":13}},"17":{"start":{"line":52,"column":25},"end":{"line":52,"column":43}},"18":{"start":{"line":53,"column":31},"end":{"line":53,"column":46}},"19":{"start":{"line":55,"column":12},"end":{"line":61,"column":13}},"20":{"start":{"line":56,"column":16},"end":{"line":60,"column":19}},"21":{"start":{"line":63,"column":12},"end":{"line":66,"column":14}},"22":{"start":{"line":69,"column":12},"end":{"line":69,"column":53}},"23":{"start":{"line":71,"column":12},"end":{"line":75,"column":15}},"24":{"start":{"line":77,"column":12},"end":{"line":77,"column":58}},"25":{"start":{"line":78,"column":30},"end":{"line":78,"column":84}},"26":{"start":{"line":79,"column":12},"end":{"line":79,"column":117}},"27":{"start":{"line":80,"column":12},"end":{"line":80,"column":32}},"28":{"start":{"line":88,"column":8},"end":{"line":129,"column":9}},"29":{"start":{"line":89,"column":64},"end":{"line":89,"column":76}},"30":{"start":{"line":90,"column":25},"end":{"line":90,"column":56}},"31":{"start":{"line":92,"column":22},"end":{"line":92,"column":60}},"32":{"start":{"line":93,"column":27},"end":{"line":93,"column":36}},"33":{"start":{"line":95,"column":12},"end":{"line":98,"column":13}},"34":{"start":{"line":96,"column":16},"end":{"line":96,"column":44}},"35":{"start":{"line":97,"column":16},"end":{"line":97,"column":47}},"36":{"start":{"line":100,"column":12},"end":{"line":104,"column":13}},"37":{"start":{"line":101,"column":36},"end":{"line":101,"column":77}},"38":{"start":{"line":102,"column":16},"end":{"line":102,"column":43}},"39":{"start":{"line":103,"column":16},"end":{"line":103,"column":41}},"40":{"start":{"line":106,"column":12},"end":{"line":106,"column":46}},"41":{"start":{"line":108,"column":28},"end":{"line":108,"column":37}},"42":{"start":{"line":109,"column":29},"end":{"line":109,"column":55}},"43":{"start":{"line":111,"column":27},"end":{"line":111,"column":94}},"44":{"start":{"line":112,"column":26},"end":{"line":115,"column":14}},"45":{"start":{"line":113,"column":29},"end":{"line":113,"column":79}},"46":{"start":{"line":114,"column":16},"end":{"line":114,"column":41}},"47":{"start":{"line":117,"column":12},"end":{"line":123,"column":15}},"48":{"start":{"line":125,"column":12},"end":{"line":125,"column":60}},"49":{"start":{"line":126,"column":30},"end":{"line":126,"column":84}},"50":{"start":{"line":127,"column":12},"end":{"line":127,"column":117}},"51":{"start":{"line":128,"column":12},"end":{"line":128,"column":32}},"52":{"start":{"line":136,"column":8},"end":{"line":164,"column":9}},"53":{"start":{"line":137,"column":39},"end":{"line":137,"column":51}},"54":{"start":{"line":138,"column":25},"end":{"line":138,"column":56}},"55":{"start":{"line":140,"column":24},"end":{"line":143,"column":13}},"56":{"start":{"line":145,"column":12},"end":{"line":150,"column":13}},"57":{"start":{"line":146,"column":16},"end":{"line":149,"column":19}},"58":{"start":{"line":152,"column":25},"end":{"line":152,"column":75}},"59":{"start":{"line":154,"column":12},"end":{"line":158,"column":15}},"60":{"start":{"line":160,"column":12},"end":{"line":160,"column":59}},"61":{"start":{"line":161,"column":30},"end":{"line":161,"column":84}},"62":{"start":{"line":162,"column":12},"end":{"line":162,"column":117}},"63":{"start":{"line":163,"column":12},"end":{"line":163,"column":32}},"64":{"start":{"line":171,"column":8},"end":{"line":229,"column":9}},"65":{"start":{"line":172,"column":80},"end":{"line":172,"column":92}},"66":{"start":{"line":173,"column":25},"end":{"line":173,"column":56}},"67":{"start":{"line":176,"column":33},"end":{"line":179,"column":13}},"68":{"start":{"line":181,"column":12},"end":{"line":186,"column":13}},"69":{"start":{"line":182,"column":16},"end":{"line":185,"column":19}},"70":{"start":{"line":189,"column":31},"end":{"line":194,"column":13}},"71":{"start":{"line":196,"column":27},"end":{"line":199,"column":13}},"72":{"start":{"line":201,"column":12},"end":{"line":206,"column":13}},"73":{"start":{"line":202,"column":16},"end":{"line":205,"column":19}},"74":{"start":{"line":209,"column":31},"end":{"line":212,"column":13}},"75":{"start":{"line":214,"column":25},"end":{"line":214,"column":89}},"76":{"start":{"line":217,"column":12},"end":{"line":217,"column":53}},"77":{"start":{"line":219,"column":12},"end":{"line":223,"column":15}},"78":{"start":{"line":225,"column":12},"end":{"line":225,"column":62}},"79":{"start":{"line":226,"column":30},"end":{"line":226,"column":84}},"80":{"start":{"line":227,"column":12},"end":{"line":227,"column":117}},"81":{"start":{"line":228,"column":12},"end":{"line":228,"column":32}},"82":{"start":{"line":236,"column":8},"end":{"line":279,"column":9}},"83":{"start":{"line":237,"column":39},"end":{"line":237,"column":51}},"84":{"start":{"line":238,"column":25},"end":{"line":238,"column":56}},"85":{"start":{"line":241,"column":33},"end":{"line":244,"column":13}},"86":{"start":{"line":246,"column":12},"end":{"line":251,"column":13}},"87":{"start":{"line":247,"column":16},"end":{"line":250,"column":19}},"88":{"start":{"line":253,"column":27},"end":{"line":256,"column":13}},"89":{"start":{"line":258,"column":12},"end":{"line":263,"column":13}},"90":{"start":{"line":259,"column":16},"end":{"line":262,"column":19}},"91":{"start":{"line":265,"column":25},"end":{"line":265,"column":93}},"92":{"start":{"line":268,"column":12},"end":{"line":268,"column":53}},"93":{"start":{"line":270,"column":12},"end":{"line":273,"column":15}},"94":{"start":{"line":275,"column":12},"end":{"line":275,"column":60}},"95":{"start":{"line":276,"column":30},"end":{"line":276,"column":84}},"96":{"start":{"line":277,"column":12},"end":{"line":277,"column":117}},"97":{"start":{"line":278,"column":12},"end":{"line":278,"column":32}},"98":{"start":{"line":286,"column":8},"end":{"line":314,"column":9}},"99":{"start":{"line":287,"column":30},"end":{"line":287,"column":42}},"100":{"start":{"line":288,"column":25},"end":{"line":288,"column":56}},"101":{"start":{"line":290,"column":26},"end":{"line":296,"column":25}},"102":{"start":{"line":298,"column":35},"end":{"line":298,"column":96}},"103":{"start":{"line":300,"column":12},"end":{"line":308,"column":15}},"104":{"start":{"line":310,"column":12},"end":{"line":310,"column":65}},"105":{"start":{"line":311,"column":30},"end":{"line":311,"column":84}},"106":{"start":{"line":312,"column":12},"end":{"line":312,"column":117}},"107":{"start":{"line":313,"column":12},"end":{"line":313,"column":32}},"108":{"start":{"line":324,"column":8},"end":{"line":365,"column":9}},"109":{"start":{"line":325,"column":41},"end":{"line":325,"column":53}},"110":{"start":{"line":326,"column":25},"end":{"line":326,"column":56}},"111":{"start":{"line":328,"column":22},"end":{"line":328,"column":60}},"112":{"start":{"line":329,"column":27},"end":{"line":329,"column":36}},"113":{"start":{"line":331,"column":12},"end":{"line":334,"column":13}},"114":{"start":{"line":332,"column":16},"end":{"line":332,"column":44}},"115":{"start":{"line":333,"column":16},"end":{"line":333,"column":47}},"116":{"start":{"line":336,"column":12},"end":{"line":336,"column":46}},"117":{"start":{"line":338,"column":25},"end":{"line":338,"column":56}},"118":{"start":{"line":341,"column":12},"end":{"line":347,"column":13}},"119":{"start":{"line":342,"column":29},"end":{"line":342,"column":79}},"120":{"start":{"line":343,"column":16},"end":{"line":343,"column":46}},"121":{"start":{"line":346,"column":16},"end":{"line":346,"column":71}},"122":{"start":{"line":346,"column":45},"end":{"line":346,"column":69}},"123":{"start":{"line":350,"column":30},"end":{"line":350,"column":38}},"124":{"start":{"line":351,"column":12},"end":{"line":355,"column":15}},"125":{"start":{"line":357,"column":12},"end":{"line":360,"column":15}},"126":{"start":{"line":358,"column":16},"end":{"line":358,"column":57}},"127":{"start":{"line":359,"column":16},"end":{"line":359,"column":62}},"128":{"start":{"line":363,"column":12},"end":{"line":363,"column":63}},"129":{"start":{"line":364,"column":12},"end":{"line":364,"column":74}},"130":{"start":{"line":374,"column":8},"end":{"line":407,"column":9}},"131":{"start":{"line":375,"column":30},"end":{"line":375,"column":42}},"132":{"start":{"line":376,"column":25},"end":{"line":376,"column":56}},"133":{"start":{"line":378,"column":30},"end":{"line":378,"column":38}},"134":{"start":{"line":380,"column":12},"end":{"line":384,"column":15}},"135":{"start":{"line":387,"column":12},"end":{"line":392,"column":15}},"136":{"start":{"line":394,"column":12},"end":{"line":397,"column":15}},"137":{"start":{"line":395,"column":16},"end":{"line":395,"column":57}},"138":{"start":{"line":396,"column":16},"end":{"line":396,"column":78}},"139":{"start":{"line":399,"column":12},"end":{"line":402,"column":15}},"140":{"start":{"line":400,"column":16},"end":{"line":400,"column":72}},"141":{"start":{"line":401,"column":16},"end":{"line":401,"column":57}},"142":{"start":{"line":405,"column":12},"end":{"line":405,"column":76}},"143":{"start":{"line":406,"column":12},"end":{"line":406,"column":74}},"144":{"start":{"line":414,"column":36},"end":{"line":419,"column":9}},"145":{"start":{"line":421,"column":8},"end":{"line":446,"column":9}},"146":{"start":{"line":422,"column":12},"end":{"line":445,"column":13}},"147":{"start":{"line":423,"column":16},"end":{"line":441,"column":17}},"148":{"start":{"line":424,"column":20},"end":{"line":440,"column":21}},"149":{"start":{"line":426,"column":24},"end":{"line":431,"column":27}},"150":{"start":{"line":432,"column":27},"end":{"line":440,"column":21}},"151":{"start":{"line":434,"column":46},"end":{"line":434,"column":60}},"152":{"start":{"line":435,"column":24},"end":{"line":439,"column":25}},"153":{"start":{"line":436,"column":28},"end":{"line":438,"column":29}},"154":{"start":{"line":437,"column":32},"end":{"line":437,"column":70}},"155":{"start":{"line":443,"column":16},"end":{"line":443,"column":79}},"156":{"start":{"line":444,"column":16},"end":{"line":444,"column":57}},"157":{"start":{"line":450,"column":0},"end":{"line":450,"column":29}}},"fnMap":{"0":{"name":"(anonymous_0)","decl":{"start":{"line":9,"column":4},"end":{"line":9,"column":5}},"loc":{"start":{"line":9,"column":18},"end":{"line":11,"column":5}},"line":9},"1":{"name":"(anonymous_1)","decl":{"start":{"line":16,"column":4},"end":{"line":16,"column":5}},"loc":{"start":{"line":16,"column":31},"end":{"line":23,"column":5}},"line":16},"2":{"name":"(anonymous_2)","decl":{"start":{"line":28,"column":4},"end":{"line":28,"column":5}},"loc":{"start":{"line":28,"column":37},"end":{"line":82,"column":5}},"line":28},"3":{"name":"(anonymous_3)","decl":{"start":{"line":87,"column":4},"end":{"line":87,"column":5}},"loc":{"start":{"line":87,"column":35},"end":{"line":130,"column":5}},"line":87},"4":{"name":"(anonymous_4)","decl":{"start":{"line":112,"column":42},"end":{"line":112,"column":43}},"loc":{"start":{"line":112,"column":49},"end":{"line":115,"column":13}},"line":112},"5":{"name":"(anonymous_5)","decl":{"start":{"line":135,"column":4},"end":{"line":135,"column":5}},"loc":{"start":{"line":135,"column":34},"end":{"line":165,"column":5}},"line":135},"6":{"name":"(anonymous_6)","decl":{"start":{"line":170,"column":4},"end":{"line":170,"column":5}},"loc":{"start":{"line":170,"column":37},"end":{"line":230,"column":5}},"line":170},"7":{"name":"(anonymous_7)","decl":{"start":{"line":235,"column":4},"end":{"line":235,"column":5}},"loc":{"start":{"line":235,"column":37},"end":{"line":280,"column":5}},"line":235},"8":{"name":"(anonymous_8)","decl":{"start":{"line":285,"column":4},"end":{"line":285,"column":5}},"loc":{"start":{"line":285,"column":39},"end":{"line":315,"column":5}},"line":285},"9":{"name":"(anonymous_9)","decl":{"start":{"line":323,"column":4},"end":{"line":323,"column":5}},"loc":{"start":{"line":323,"column":28},"end":{"line":366,"column":5}},"line":323},"10":{"name":"(anonymous_10)","decl":{"start":{"line":346,"column":34},"end":{"line":346,"column":35}},"loc":{"start":{"line":346,"column":45},"end":{"line":346,"column":69}},"line":346},"11":{"name":"(anonymous_11)","decl":{"start":{"line":357,"column":33},"end":{"line":357,"column":34}},"loc":{"start":{"line":357,"column":39},"end":{"line":360,"column":13}},"line":357},"12":{"name":"(anonymous_12)","decl":{"start":{"line":373,"column":4},"end":{"line":373,"column":5}},"loc":{"start":{"line":373,"column":36},"end":{"line":408,"column":5}},"line":373},"13":{"name":"(anonymous_13)","decl":{"start":{"line":394,"column":33},"end":{"line":394,"column":34}},"loc":{"start":{"line":394,"column":39},"end":{"line":397,"column":13}},"line":394},"14":{"name":"(anonymous_14)","decl":{"start":{"line":399,"column":29},"end":{"line":399,"column":30}},"loc":{"start":{"line":399,"column":40},"end":{"line":402,"column":13}},"line":399},"15":{"name":"(anonymous_15)","decl":{"start":{"line":413,"column":4},"end":{"line":413,"column":5}},"loc":{"start":{"line":413,"column":32},"end":{"line":447,"column":5}},"line":413}},"branchMap":{"0":{"loc":{"start":{"line":17,"column":26},"end":{"line":17,"column":69}},"type":"binary-expr","locations":[{"start":{"line":17,"column":26},"end":{"line":17,"column":48}},{"start":{"line":17,"column":52},"end":{"line":17,"column":69}}],"line":17},"1":{"loc":{"start":{"line":35,"column":12},"end":{"line":41,"column":13}},"type":"if","locations":[{"start":{"line":35,"column":12},"end":{"line":41,"column":13}},{"start":{},"end":{}}],"line":35},"2":{"loc":{"start":{"line":46,"column":29},"end":{"line":46,"column":46}},"type":"binary-expr","locations":[{"start":{"line":46,"column":29},"end":{"line":46,"column":40}},{"start":{"line":46,"column":44},"end":{"line":46,"column":46}}],"line":46},"3":{"loc":{"start":{"line":55,"column":12},"end":{"line":61,"column":13}},"type":"if","locations":[{"start":{"line":55,"column":12},"end":{"line":61,"column":13}},{"start":{},"end":{}}],"line":55},"4":{"loc":{"start":{"line":78,"column":40},"end":{"line":78,"column":83}},"type":"binary-expr","locations":[{"start":{"line":78,"column":40},"end":{"line":78,"column":53}},{"start":{"line":78,"column":57},"end":{"line":78,"column":83}}],"line":78},"5":{"loc":{"start":{"line":79,"column":29},"end":{"line":79,"column":116}},"type":"cond-expr","locations":[{"start":{"line":79,"column":66},"end":{"line":79,"column":93}},{"start":{"line":79,"column":96},"end":{"line":79,"column":116}}],"line":79},"6":{"loc":{"start":{"line":95,"column":12},"end":{"line":98,"column":13}},"type":"if","locations":[{"start":{"line":95,"column":12},"end":{"line":98,"column":13}},{"start":{},"end":{}}],"line":95},"7":{"loc":{"start":{"line":95,"column":16},"end":{"line":95,"column":61}},"type":"binary-expr","locations":[{"start":{"line":95,"column":16},"end":{"line":95,"column":39}},{"start":{"line":95,"column":43},"end":{"line":95,"column":61}}],"line":95},"8":{"loc":{"start":{"line":97,"column":28},"end":{"line":97,"column":45}},"type":"cond-expr","locations":[{"start":{"line":97,"column":40},"end":{"line":97,"column":41}},{"start":{"line":97,"column":44},"end":{"line":97,"column":45}}],"line":97},"9":{"loc":{"start":{"line":100,"column":12},"end":{"line":104,"column":13}},"type":"if","locations":[{"start":{"line":100,"column":12},"end":{"line":104,"column":13}},{"start":{},"end":{}}],"line":100},"10":{"loc":{"start":{"line":100,"column":16},"end":{"line":100,"column":59}},"type":"binary-expr","locations":[{"start":{"line":100,"column":16},"end":{"line":100,"column":38}},{"start":{"line":100,"column":42},"end":{"line":100,"column":59}}],"line":100},"11":{"loc":{"start":{"line":108,"column":28},"end":{"line":108,"column":37}},"type":"binary-expr","locations":[{"start":{"line":108,"column":28},"end":{"line":108,"column":32}},{"start":{"line":108,"column":36},"end":{"line":108,"column":37}}],"line":108},"12":{"loc":{"start":{"line":109,"column":38},"end":{"line":109,"column":49}},"type":"binary-expr","locations":[{"start":{"line":109,"column":38},"end":{"line":109,"column":43}},{"start":{"line":109,"column":47},"end":{"line":109,"column":49}}],"line":109},"13":{"loc":{"start":{"line":126,"column":40},"end":{"line":126,"column":83}},"type":"binary-expr","locations":[{"start":{"line":126,"column":40},"end":{"line":126,"column":53}},{"start":{"line":126,"column":57},"end":{"line":126,"column":83}}],"line":126},"14":{"loc":{"start":{"line":127,"column":29},"end":{"line":127,"column":116}},"type":"cond-expr","locations":[{"start":{"line":127,"column":66},"end":{"line":127,"column":93}},{"start":{"line":127,"column":96},"end":{"line":127,"column":116}}],"line":127},"15":{"loc":{"start":{"line":145,"column":12},"end":{"line":150,"column":13}},"type":"if","locations":[{"start":{"line":145,"column":12},"end":{"line":150,"column":13}},{"start":{},"end":{}}],"line":145},"16":{"loc":{"start":{"line":161,"column":40},"end":{"line":161,"column":83}},"type":"binary-expr","locations":[{"start":{"line":161,"column":40},"end":{"line":161,"column":53}},{"start":{"line":161,"column":57},"end":{"line":161,"column":83}}],"line":161},"17":{"loc":{"start":{"line":162,"column":29},"end":{"line":162,"column":116}},"type":"cond-expr","locations":[{"start":{"line":162,"column":66},"end":{"line":162,"column":93}},{"start":{"line":162,"column":96},"end":{"line":162,"column":116}}],"line":162},"18":{"loc":{"start":{"line":181,"column":12},"end":{"line":186,"column":13}},"type":"if","locations":[{"start":{"line":181,"column":12},"end":{"line":186,"column":13}},{"start":{},"end":{}}],"line":181},"19":{"loc":{"start":{"line":190,"column":23},"end":{"line":190,"column":50}},"type":"binary-expr","locations":[{"start":{"line":190,"column":23},"end":{"line":190,"column":28}},{"start":{"line":190,"column":32},"end":{"line":190,"column":50}}],"line":190},"20":{"loc":{"start":{"line":191,"column":29},"end":{"line":191,"column":95}},"type":"cond-expr","locations":[{"start":{"line":191,"column":57},"end":{"line":191,"column":68}},{"start":{"line":191,"column":71},"end":{"line":191,"column":95}}],"line":191},"21":{"loc":{"start":{"line":192,"column":27},"end":{"line":192,"column":95}},"type":"cond-expr","locations":[{"start":{"line":192,"column":53},"end":{"line":192,"column":62}},{"start":{"line":192,"column":66},"end":{"line":192,"column":94}}],"line":192},"22":{"loc":{"start":{"line":193,"column":26},"end":{"line":193,"column":116}},"type":"cond-expr","locations":[{"start":{"line":193,"column":51},"end":{"line":193,"column":92}},{"start":{"line":193,"column":95},"end":{"line":193,"column":116}}],"line":193},"23":{"loc":{"start":{"line":198,"column":59},"end":{"line":198,"column":87}},"type":"cond-expr","locations":[{"start":{"line":198,"column":82},"end":{"line":198,"column":83}},{"start":{"line":198,"column":86},"end":{"line":198,"column":87}}],"line":198},"24":{"loc":{"start":{"line":201,"column":12},"end":{"line":206,"column":13}},"type":"if","locations":[{"start":{"line":201,"column":12},"end":{"line":206,"column":13}},{"start":{},"end":{}}],"line":201},"25":{"loc":{"start":{"line":226,"column":40},"end":{"line":226,"column":83}},"type":"binary-expr","locations":[{"start":{"line":226,"column":40},"end":{"line":226,"column":53}},{"start":{"line":226,"column":57},"end":{"line":226,"column":83}}],"line":226},"26":{"loc":{"start":{"line":227,"column":29},"end":{"line":227,"column":116}},"type":"cond-expr","locations":[{"start":{"line":227,"column":66},"end":{"line":227,"column":93}},{"start":{"line":227,"column":96},"end":{"line":227,"column":116}}],"line":227},"27":{"loc":{"start":{"line":246,"column":12},"end":{"line":251,"column":13}},"type":"if","locations":[{"start":{"line":246,"column":12},"end":{"line":251,"column":13}},{"start":{},"end":{}}],"line":246},"28":{"loc":{"start":{"line":258,"column":12},"end":{"line":263,"column":13}},"type":"if","locations":[{"start":{"line":258,"column":12},"end":{"line":263,"column":13}},{"start":{},"end":{}}],"line":258},"29":{"loc":{"start":{"line":276,"column":40},"end":{"line":276,"column":83}},"type":"binary-expr","locations":[{"start":{"line":276,"column":40},"end":{"line":276,"column":53}},{"start":{"line":276,"column":57},"end":{"line":276,"column":83}}],"line":276},"30":{"loc":{"start":{"line":277,"column":29},"end":{"line":277,"column":116}},"type":"cond-expr","locations":[{"start":{"line":277,"column":66},"end":{"line":277,"column":93}},{"start":{"line":277,"column":96},"end":{"line":277,"column":116}}],"line":277},"31":{"loc":{"start":{"line":298,"column":35},"end":{"line":298,"column":96}},"type":"cond-expr","locations":[{"start":{"line":298,"column":54},"end":{"line":298,"column":91}},{"start":{"line":298,"column":95},"end":{"line":298,"column":96}}],"line":298},"32":{"loc":{"start":{"line":311,"column":40},"end":{"line":311,"column":83}},"type":"binary-expr","locations":[{"start":{"line":311,"column":40},"end":{"line":311,"column":53}},{"start":{"line":311,"column":57},"end":{"line":311,"column":83}}],"line":311},"33":{"loc":{"start":{"line":312,"column":29},"end":{"line":312,"column":116}},"type":"cond-expr","locations":[{"start":{"line":312,"column":66},"end":{"line":312,"column":93}},{"start":{"line":312,"column":96},"end":{"line":312,"column":116}}],"line":312},"34":{"loc":{"start":{"line":331,"column":12},"end":{"line":334,"column":13}},"type":"if","locations":[{"start":{"line":331,"column":12},"end":{"line":334,"column":13}},{"start":{},"end":{}}],"line":331},"35":{"loc":{"start":{"line":331,"column":16},"end":{"line":331,"column":61}},"type":"binary-expr","locations":[{"start":{"line":331,"column":16},"end":{"line":331,"column":39}},{"start":{"line":331,"column":43},"end":{"line":331,"column":61}}],"line":331},"36":{"loc":{"start":{"line":333,"column":28},"end":{"line":333,"column":45}},"type":"cond-expr","locations":[{"start":{"line":333,"column":40},"end":{"line":333,"column":41}},{"start":{"line":333,"column":44},"end":{"line":333,"column":45}}],"line":333},"37":{"loc":{"start":{"line":364,"column":35},"end":{"line":364,"column":71}},"type":"binary-expr","locations":[{"start":{"line":364,"column":35},"end":{"line":364,"column":48}},{"start":{"line":364,"column":52},"end":{"line":364,"column":71}}],"line":364},"38":{"loc":{"start":{"line":406,"column":35},"end":{"line":406,"column":71}},"type":"binary-expr","locations":[{"start":{"line":406,"column":35},"end":{"line":406,"column":48}},{"start":{"line":406,"column":52},"end":{"line":406,"column":71}}],"line":406},"39":{"loc":{"start":{"line":423,"column":16},"end":{"line":441,"column":17}},"type":"if","locations":[{"start":{"line":423,"column":16},"end":{"line":441,"column":17}},{"start":{},"end":{}}],"line":423},"40":{"loc":{"start":{"line":424,"column":20},"end":{"line":440,"column":21}},"type":"if","locations":[{"start":{"line":424,"column":20},"end":{"line":440,"column":21}},{"start":{"line":432,"column":27},"end":{"line":440,"column":21}}],"line":424},"41":{"loc":{"start":{"line":432,"column":27},"end":{"line":440,"column":21}},"type":"if","locations":[{"start":{"line":432,"column":27},"end":{"line":440,"column":21}},{"start":{},"end":{}}],"line":432},"42":{"loc":{"start":{"line":435,"column":24},"end":{"line":439,"column":25}},"type":"if","locations":[{"start":{"line":435,"column":24},"end":{"line":439,"column":25}},{"start":{},"end":{}}],"line":435},"43":{"loc":{"start":{"line":435,"column":28},"end":{"line":435,"column":83}},"type":"binary-expr","locations":[{"start":{"line":435,"column":28},"end":{"line":435,"column":51}},{"start":{"line":435,"column":55},"end":{"line":435,"column":83}}],"line":435},"44":{"loc":{"start":{"line":436,"column":28},"end":{"line":438,"column":29}},"type":"if","locations":[{"start":{"line":436,"column":28},"end":{"line":438,"column":29}},{"start":{},"end":{}}],"line":436}},"s":{"0":1,"1":1,"2":1,"3":1,"4":1,"5":1,"6":1,"7":19,"8":19,"9":19,"10":2,"11":5,"12":5,"13":5,"14":5,"15":1,"16":4,"17":4,"18":4,"19":4,"20":0,"21":4,"22":4,"23":4,"24":0,"25":0,"26":0,"27":0,"28":5,"29":5,"30":5,"31":3,"32":3,"33":3,"34":2,"35":2,"36":3,"37":0,"38":0,"39":0,"40":3,"41":3,"42":3,"43":3,"44":3,"45":3,"46":3,"47":3,"48":2,"49":2,"50":2,"51":2,"52":2,"53":2,"54":2,"55":2,"56":2,"57":1,"58":1,"59":1,"60":0,"61":0,"62":0,"63":0,"64":2,"65":2,"66":2,"67":2,"68":2,"69":0,"70":2,"71":2,"72":2,"73":0,"74":2,"75":2,"76":2,"77":2,"78":0,"79":0,"80":0,"81":0,"82":2,"83":2,"84":2,"85":2,"86":2,"87":1,"88":1,"89":1,"90":0,"91":1,"92":1,"93":1,"94":0,"95":0,"96":0,"97":0,"98":1,"99":1,"100":1,"101":1,"102":1,"103":1,"104":0,"105":0,"106":0,"107":0,"108":1,"109":1,"110":1,"111":1,"112":1,"113":1,"114":0,"115":0,"116":1,"117":1,"118":1,"119":3,"120":3,"121":3,"122":3,"123":1,"124":1,"125":1,"126":1,"127":1,"128":0,"129":0,"130":1,"131":1,"132":1,"133":1,"134":1,"135":1,"136":1,"137":1,"138":1,"139":1,"140":0,"141":0,"142":0,"143":0,"144":7,"145":7,"146":0,"147":0,"148":0,"149":0,"150":0,"151":0,"152":0,"153":0,"154":0,"155":0,"156":0,"157":1},"f":{"0":1,"1":19,"2":5,"3":5,"4":3,"5":2,"6":2,"7":2,"8":1,"9":1,"10":3,"11":1,"12":1,"13":1,"14":0,"15":7},"b":{"0":[19,19],"1":[1,4],"2":[4,0],"3":[0,4],"4":[0,0],"5":[0,0],"6":[2,1],"7":[3,2],"8":[1,1],"9":[0,3],"10":[3,0],"11":[3,2],"12":[3,2],"13":[2,0],"14":[2,0],"15":[1,1],"16":[0,0],"17":[0,0],"18":[0,2],"19":[2,1],"20":[0,2],"21":[2,0],"22":[0,2],"23":[2,0],"24":[0,2],"25":[0,0],"26":[0,0],"27":[1,1],"28":[0,1],"29":[0,0],"30":[0,0],"31":[1,0],"32":[0,0],"33":[0,0],"34":[0,1],"35":[1,0],"36":[0,0],"37":[0,0],"38":[0,0],"39":[0,0],"40":[0,0],"41":[0,0],"42":[0,0],"43":[0,0],"44":[0,0]},"_coverageSchema":"1a1c01bbd47fc00a2c39e90264f33305004495a9","hash":"e1dcd925084c813ae06e112dae0e2f45cad1f35a"}
,"/workspaces/lab02-servidor-gRPC/lab02-servidor-grpc/utils/protoLoader.js": {"path":"/workspaces/lab02-servidor-gRPC/lab02-servidor-grpc/utils/protoLoader.js","statementMap":{"0":{"start":{"line":1,"column":13},"end":{"line":1,"column":37}},"1":{"start":{"line":2,"column":20},"end":{"line":2,"column":49}},"2":{"start":{"line":3,"column":13},"end":{"line":3,"column":28}},"3":{"start":{"line":18,"column":8},"end":{"line":18,"column":44}},"4":{"start":{"line":19,"column":8},"end":{"line":19,"column":34}},"5":{"start":{"line":23,"column":27},"end":{"line":23,"column":71}},"6":{"start":{"line":25,"column":34},"end":{"line":31,"column":10}},"7":{"start":{"line":33,"column":32},"end":{"line":33,"column":77}},"8":{"start":{"line":35,"column":8},"end":{"line":35,"column":68}},"9":{"start":{"line":36,"column":8},"end":{"line":36,"column":69}},"10":{"start":{"line":38,"column":8},"end":{"line":38,"column":44}},"11":{"start":{"line":42,"column":8},"end":{"line":42,"column":46}},"12":{"start":{"line":47,"column":8},"end":{"line":47,"column":59}},"13":{"start":{"line":51,"column":8},"end":{"line":51,"column":52}},"14":{"start":{"line":55,"column":28},"end":{"line":60,"column":9}},"15":{"start":{"line":61,"column":8},"end":{"line":61,"column":42}},"16":{"start":{"line":65,"column":28},"end":{"line":65,"column":63}},"17":{"start":{"line":66,"column":8},"end":{"line":66,"column":54}},"18":{"start":{"line":70,"column":0},"end":{"line":70,"column":29}}},"fnMap":{"0":{"name":"(anonymous_0)","decl":{"start":{"line":17,"column":4},"end":{"line":17,"column":5}},"loc":{"start":{"line":17,"column":18},"end":{"line":20,"column":5}},"line":17},"1":{"name":"(anonymous_1)","decl":{"start":{"line":22,"column":4},"end":{"line":22,"column":5}},"loc":{"start":{"line":22,"column":38},"end":{"line":39,"column":5}},"line":22},"2":{"name":"(anonymous_2)","decl":{"start":{"line":41,"column":4},"end":{"line":41,"column":5}},"loc":{"start":{"line":41,"column":28},"end":{"line":43,"column":5}},"line":41},"3":{"name":"(anonymous_3)","decl":{"start":{"line":46,"column":4},"end":{"line":46,"column":5}},"loc":{"start":{"line":46,"column":34},"end":{"line":48,"column":5}},"line":46},"4":{"name":"(anonymous_4)","decl":{"start":{"line":50,"column":4},"end":{"line":50,"column":5}},"loc":{"start":{"line":50,"column":43},"end":{"line":52,"column":5}},"line":50},"5":{"name":"(anonymous_5)","decl":{"start":{"line":54,"column":4},"end":{"line":54,"column":5}},"loc":{"start":{"line":54,"column":37},"end":{"line":62,"column":5}},"line":54},"6":{"name":"(anonymous_6)","decl":{"start":{"line":64,"column":4},"end":{"line":64,"column":5}},"loc":{"start":{"line":64,"column":46},"end":{"line":67,"column":5}},"line":64}},"branchMap":{"0":{"loc":{"start":{"line":61,"column":15},"end":{"line":61,"column":41}},"type":"binary-expr","locations":[{"start":{"line":61,"column":15},"end":{"line":61,"column":36}},{"start":{"line":61,"column":40},"end":{"line":61,"column":41}}],"line":61},"1":{"loc":{"start":{"line":66,"column":15},"end":{"line":66,"column":53}},"type":"binary-expr","locations":[{"start":{"line":66,"column":15},"end":{"line":66,"column":41}},{"start":{"line":66,"column":45},"end":{"line":66,"column":53}}],"line":66}},"s":{"0":1,"1":1,"2":1,"3":4,"4":4,"5":8,"6":8,"7":8,"8":8,"9":8,"10":8,"11":0,"12":0,"13":0,"14":13,"15":13,"16":4,"17":4,"18":1},"f":{"0":4,"1":8,"2":0,"3":0,"4":0,"5":13,"6":4},"b":{"0":[13,0],"1":[4,4]},"_coverageSchema":"1a1c01bbd47fc00a2c39e90264f33305004495a9","hash":"e9b91da1030bc2bcdf14bf24fd19eb800e33d329"}
}
