TN:
SF:lab02-servidor-grpc/client.js
FN:12,(anonymous_0)
FN:20,(anonymous_1)
FN:40,(anonymous_2)
FN:41,(anonymous_3)
FN:42,(anonymous_4)
FN:43,(anonymous_5)
FN:54,(anonymous_6)
FN:59,(anonymous_7)
FN:71,(anonymous_8)
FN:79,(anonymous_9)
FN:87,(anonymous_10)
FN:95,(anonymous_11)
FN:104,(anonymous_12)
FN:112,(anonymous_13)
FN:120,(anonymous_14)
FN:126,(anonymous_15)
FN:134,(anonymous_16)
FN:138,(anonymous_17)
FN:145,(anonymous_18)
FN:150,(anonymous_19)
FN:160,(anonymous_20)
FN:164,(anonymous_21)
FN:173,demonstrateGrpcClient
FNF:23
FNH:22
FNDA:3,(anonymous_0)
FNDA:3,(anonymous_1)
FNDA:24,(anonymous_2)
FNDA:24,(anonymous_3)
FNDA:24,(anonymous_4)
FNDA:24,(anonymous_5)
FNDA:2,(anonymous_6)
FNDA:3,(anonymous_7)
FNDA:5,(anonymous_8)
FNDA:5,(anonymous_9)
FNDA:2,(anonymous_10)
FNDA:2,(anonymous_11)
FNDA:2,(anonymous_12)
FNDA:1,(anonymous_13)
FNDA:1,(anonymous_14)
FNDA:3,(anonymous_15)
FNDA:1,(anonymous_16)
FNDA:1,(anonymous_17)
FNDA:1,(anonymous_18)
FNDA:1,(anonymous_19)
FNDA:1,(anonymous_20)
FNDA:1,(anonymous_21)
FNDA:0,demonstrateGrpcClient
DA:1,1
DA:2,1
DA:13,3
DA:14,3
DA:15,3
DA:16,3
DA:17,3
DA:21,3
DA:23,3
DA:24,3
DA:27,3
DA:29,3
DA:30,3
DA:32,3
DA:34,0
DA:35,0
DA:41,24
DA:42,24
DA:43,24
DA:44,24
DA:45,2
DA:47,22
DA:55,2
DA:56,2
DA:60,3
DA:61,3
DA:63,3
DA:64,1
DA:65,1
DA:68,3
DA:72,5
DA:73,5
DA:80,5
DA:81,5
DA:88,2
DA:89,2
DA:96,2
DA:97,2
DA:105,2
DA:106,2
DA:113,1
DA:114,1
DA:121,1
DA:126,1
DA:127,3
DA:134,1
DA:135,1
DA:138,1
DA:139,1
DA:142,1
DA:146,1
DA:150,1
DA:151,1
DA:152,1
DA:160,1
DA:161,1
DA:164,1
DA:165,1
DA:168,1
DA:174,0
DA:176,0
DA:177,0
DA:180,0
DA:181,0
DA:188,0
DA:191,0
DA:192,0
DA:196,0
DA:198,0
DA:200,0
DA:201,0
DA:208,0
DA:209,0
DA:214,0
DA:217,0
DA:218,0
DA:219,0
DA:222,0
DA:223,0
DA:224,0
DA:225,0
DA:229,0
DA:230,0
DA:231,0
DA:241,0
DA:246,1
DA:247,0
DA:250,1
LF:88
LH:59
BRDA:12,0,0,0
BRDA:44,1,0,2
BRDA:44,1,1,22
BRDA:63,2,0,1
BRDA:63,2,1,2
BRDA:79,3,0,2
BRDA:120,4,0,1
BRDA:155,5,0,0
BRDA:155,5,1,1
BRDA:198,6,0,0
BRDA:198,6,1,0
BRDA:222,7,0,0
BRDA:222,7,1,0
BRDA:246,8,0,0
BRDA:246,8,1,1
BRF:15
BRH:8
end_of_record
TN:
SF:lab02-servidor-grpc/server.js
FN:20,(anonymous_0)
FN:27,(anonymous_1)
FN:62,(anonymous_2)
FN:68,(anonymous_3)
FN:86,(anonymous_4)
FN:88,(anonymous_5)
FNF:6
FNH:2
FNDA:1,(anonymous_0)
FNDA:1,(anonymous_1)
FNDA:0,(anonymous_2)
FNDA:0,(anonymous_3)
FNDA:0,(anonymous_4)
FNDA:0,(anonymous_5)
DA:1,1
DA:2,1
DA:3,1
DA:4,1
DA:5,1
DA:21,1
DA:22,1
DA:23,1
DA:24,1
DA:28,1
DA:30,1
DA:33,1
DA:34,1
DA:37,1
DA:44,1
DA:55,1
DA:57,0
DA:58,0
DA:63,0
DA:64,0
DA:66,0
DA:68,0
DA:69,0
DA:70,0
DA:71,0
DA:74,0
DA:75,0
DA:76,0
DA:77,0
DA:78,0
DA:79,0
DA:80,0
DA:81,0
DA:82,0
DA:86,0
DA:87,0
DA:88,0
DA:89,0
DA:90,0
DA:91,0
DA:93,0
DA:94,0
DA:100,0
DA:101,0
DA:107,1
DA:108,0
DA:109,0
DA:110,0
DA:113,1
LF:49
LH:18
BRDA:62,0,0,0
BRDA:69,1,0,0
BRDA:69,1,1,0
BRDA:89,2,0,0
BRDA:89,2,1,0
BRDA:107,3,0,0
BRDA:107,3,1,1
BRDA:109,4,0,0
BRDA:109,4,1,0
BRF:9
BRH:1
end_of_record
TN:
SF:lab02-servidor-grpc/database/database.js
FN:5,(anonymous_0)
FN:10,(anonymous_1)
FN:16,(anonymous_2)
FN:48,(anonymous_3)
FN:49,(anonymous_4)
FN:50,(anonymous_5)
FN:57,(anonymous_6)
FN:58,(anonymous_7)
FN:59,(anonymous_8)
FN:66,(anonymous_9)
FN:67,(anonymous_10)
FN:68,(anonymous_11)
FN:76,(anonymous_12)
FNF:13
FNH:13
FNDA:1,(anonymous_0)
FNDA:1,(anonymous_1)
FNDA:1,(anonymous_2)
FNDA:11,(anonymous_3)
FNDA:11,(anonymous_4)
FNDA:11,(anonymous_5)
FNDA:18,(anonymous_6)
FNDA:18,(anonymous_7)
FNDA:18,(anonymous_8)
FNDA:4,(anonymous_9)
FNDA:4,(anonymous_10)
FNDA:4,(anonymous_11)
FNDA:3,(anonymous_12)
DA:1,1
DA:2,1
DA:6,1
DA:7,1
DA:11,1
DA:12,1
DA:13,1
DA:17,1
DA:28,1
DA:41,1
DA:49,11
DA:50,11
DA:51,11
DA:52,11
DA:58,18
DA:59,18
DA:60,18
DA:61,18
DA:67,4
DA:68,4
DA:69,4
DA:70,4
DA:77,3
DA:78,3
DA:79,3
DA:81,3
DA:86,3
DA:96,1
LF:28
LH:28
BRDA:48,0,0,2
BRDA:51,1,0,0
BRDA:51,1,1,11
BRDA:57,2,0,0
BRDA:60,3,0,0
BRDA:60,3,1,18
BRDA:66,4,0,0
BRDA:69,5,0,0
BRDA:69,5,1,4
BRDA:76,6,0,0
BRDA:76,7,0,0
BRF:11
BRH:4
end_of_record
TN:
SF:lab02-servidor-grpc/models/Task.js
FN:4,(anonymous_0)
FN:15,(anonymous_1)
FN:26,(anonymous_2)
FN:40,(anonymous_3)
FN:53,(anonymous_4)
FNF:5
FNH:3
FNDA:14,(anonymous_0)
FNDA:4,(anonymous_1)
FNDA:13,(anonymous_2)
FNDA:0,(anonymous_3)
FNDA:0,(anonymous_4)
DA:1,1
DA:5,14
DA:6,14
DA:7,14
DA:8,14
DA:9,14
DA:10,14
DA:11,14
DA:12,14
DA:16,4
DA:17,4
DA:18,4
DA:19,4
DA:20,0
DA:22,4
DA:27,13
DA:41,0
DA:54,0
DA:58,1
LF:19
LH:16
BRDA:7,0,0,14
BRDA:7,0,1,0
BRDA:8,1,0,14
BRDA:8,1,1,9
BRDA:9,2,0,14
BRDA:9,2,1,0
BRDA:10,3,0,14
BRDA:10,3,1,0
BRDA:11,4,0,14
BRDA:11,4,1,4
BRDA:12,5,0,14
BRDA:12,5,1,4
BRDA:17,6,0,0
BRDA:17,6,1,4
BRDA:18,7,0,0
BRDA:18,7,1,4
BRDA:19,8,0,0
BRDA:19,8,1,4
BRDA:34,9,0,9
BRDA:34,9,1,4
BRDA:35,10,0,9
BRDA:35,10,1,4
BRF:22
BRH:16
end_of_record
TN:
SF:lab02-servidor-grpc/models/User.js
FN:6,(anonymous_0)
FN:16,(anonymous_1)
FN:20,(anonymous_2)
FN:24,(anonymous_3)
FN:33,(anonymous_4)
FN:44,(anonymous_5)
FNF:6
FNH:5
FNDA:4,(anonymous_0)
FNDA:2,(anonymous_1)
FNDA:1,(anonymous_2)
FNDA:3,(anonymous_3)
FNDA:4,(anonymous_4)
FNDA:0,(anonymous_5)
DA:1,1
DA:2,1
DA:3,1
DA:7,4
DA:8,4
DA:9,4
DA:10,4
DA:11,4
DA:12,4
DA:13,4
DA:17,2
DA:21,1
DA:25,3
DA:34,4
DA:45,0
DA:46,0
DA:50,1
LF:17
LH:15
BRDA:3,0,0,1
BRDA:3,0,1,1
BRDA:11,1,0,4
BRDA:11,1,1,0
BRDA:12,2,0,4
BRDA:12,2,1,0
BRDA:13,3,0,4
BRDA:13,3,1,2
BRDA:40,4,0,2
BRDA:40,4,1,2
BRF:10
BRH:8
end_of_record
TN:
SF:lab02-servidor-grpc/services/AuthService.js
FN:14,(anonymous_0)
FN:79,(anonymous_1)
FN:136,(anonymous_2)
FNF:3
FNH:3
FNDA:2,(anonymous_0)
FNDA:3,(anonymous_1)
FNDA:2,(anonymous_2)
DA:1,1
DA:2,1
DA:3,1
DA:4,1
DA:5,1
DA:15,2
DA:16,2
DA:19,2
DA:20,0
DA:28,2
DA:33,2
DA:34,0
DA:42,2
DA:50,2
DA:51,2
DA:53,2
DA:58,2
DA:60,2
DA:67,0
DA:68,0
DA:80,3
DA:81,3
DA:83,3
DA:84,0
DA:91,3
DA:96,3
DA:97,2
DA:104,1
DA:105,1
DA:107,1
DA:108,0
DA:115,1
DA:117,1
DA:124,0
DA:125,0
DA:137,2
DA:138,2
DA:139,2
DA:141,2
DA:142,0
DA:148,2
DA:151,1
DA:153,1
DA:154,0
DA:160,1
DA:162,1
DA:168,1
DA:176,1
LF:48
LH:38
BRDA:19,0,0,0
BRDA:19,0,1,2
BRDA:19,1,0,2
BRDA:19,1,1,2
BRDA:19,1,2,2
BRDA:19,1,3,2
BRDA:19,1,4,2
BRDA:33,2,0,0
BRDA:33,2,1,2
BRDA:83,3,0,0
BRDA:83,3,1,3
BRDA:83,4,0,3
BRDA:83,4,1,3
BRDA:96,5,0,2
BRDA:96,5,1,1
BRDA:107,6,0,0
BRDA:107,6,1,1
BRDA:139,7,0,2
BRDA:139,7,1,2
BRDA:141,8,0,0
BRDA:141,8,1,2
BRDA:153,9,0,0
BRDA:153,9,1,1
BRF:23
BRH:17
end_of_record
TN:
SF:lab02-servidor-grpc/services/TaskService.js
FN:9,(anonymous_0)
FN:16,(anonymous_1)
FN:28,(anonymous_2)
FN:87,(anonymous_3)
FN:112,(anonymous_4)
FN:135,(anonymous_5)
FN:170,(anonymous_6)
FN:235,(anonymous_7)
FN:285,(anonymous_8)
FN:323,(anonymous_9)
FN:346,(anonymous_10)
FN:357,(anonymous_11)
FN:373,(anonymous_12)
FN:394,(anonymous_13)
FN:399,(anonymous_14)
FN:413,(anonymous_15)
FNF:16
FNH:15
FNDA:1,(anonymous_0)
FNDA:19,(anonymous_1)
FNDA:5,(anonymous_2)
FNDA:5,(anonymous_3)
FNDA:3,(anonymous_4)
FNDA:2,(anonymous_5)
FNDA:2,(anonymous_6)
FNDA:2,(anonymous_7)
FNDA:1,(anonymous_8)
FNDA:1,(anonymous_9)
FNDA:3,(anonymous_10)
FNDA:1,(anonymous_11)
FNDA:1,(anonymous_12)
FNDA:1,(anonymous_13)
FNDA:0,(anonymous_14)
FNDA:7,(anonymous_15)
DA:1,1
DA:2,1
DA:3,1
DA:4,1
DA:5,1
DA:6,1
DA:10,1
DA:17,19
DA:18,19
DA:19,19
DA:21,2
DA:29,5
DA:30,5
DA:33,5
DA:35,5
DA:36,1
DA:43,4
DA:52,4
DA:53,4
DA:55,4
DA:56,0
DA:63,4
DA:69,4
DA:71,4
DA:77,0
DA:78,0
DA:79,0
DA:80,0
DA:88,5
DA:89,5
DA:90,5
DA:92,3
DA:93,3
DA:95,3
DA:96,2
DA:97,2
DA:100,3
DA:101,0
DA:102,0
DA:103,0
DA:106,3
DA:108,3
DA:109,3
DA:111,3
DA:112,3
DA:113,3
DA:114,3
DA:117,3
DA:125,2
DA:126,2
DA:127,2
DA:128,2
DA:136,2
DA:137,2
DA:138,2
DA:140,2
DA:145,2
DA:146,1
DA:152,1
DA:154,1
DA:160,0
DA:161,0
DA:162,0
DA:163,0
DA:171,2
DA:172,2
DA:173,2
DA:176,2
DA:181,2
DA:182,0
DA:189,2
DA:196,2
DA:201,2
DA:202,0
DA:209,2
DA:214,2
DA:217,2
DA:219,2
DA:225,0
DA:226,0
DA:227,0
DA:228,0
DA:236,2
DA:237,2
DA:238,2
DA:241,2
DA:246,2
DA:247,1
DA:253,1
DA:258,1
DA:259,0
DA:265,1
DA:268,1
DA:270,1
DA:275,0
DA:276,0
DA:277,0
DA:278,0
DA:286,1
DA:287,1
DA:288,1
DA:290,1
DA:298,1
DA:300,1
DA:310,0
DA:311,0
DA:312,0
DA:313,0
DA:324,1
DA:325,1
DA:326,1
DA:328,1
DA:329,1
DA:331,1
DA:332,0
DA:333,0
DA:336,1
DA:338,1
DA:341,1
DA:342,3
DA:343,3
DA:346,3
DA:350,1
DA:351,1
DA:357,1
DA:358,1
DA:359,1
DA:363,0
DA:364,0
DA:374,1
DA:375,1
DA:376,1
DA:378,1
DA:380,1
DA:387,1
DA:394,1
DA:395,1
DA:396,1
DA:399,1
DA:400,0
DA:401,0
DA:405,0
DA:406,0
DA:414,7
DA:421,7
DA:422,0
DA:423,0
DA:424,0
DA:426,0
DA:432,0
DA:434,0
DA:435,0
DA:436,0
DA:437,0
DA:443,0
DA:444,0
DA:450,1
LF:157
LH:111
BRDA:17,0,0,19
BRDA:17,0,1,19
BRDA:35,1,0,1
BRDA:35,1,1,4
BRDA:46,2,0,4
BRDA:46,2,1,0
BRDA:55,3,0,0
BRDA:55,3,1,4
BRDA:78,4,0,0
BRDA:78,4,1,0
BRDA:79,5,0,0
BRDA:79,5,1,0
BRDA:95,6,0,2
BRDA:95,6,1,1
BRDA:95,7,0,3
BRDA:95,7,1,2
BRDA:97,8,0,1
BRDA:97,8,1,1
BRDA:100,9,0,0
BRDA:100,9,1,3
BRDA:100,10,0,3
BRDA:100,10,1,0
BRDA:108,11,0,3
BRDA:108,11,1,2
BRDA:109,12,0,3
BRDA:109,12,1,2
BRDA:126,13,0,2
BRDA:126,13,1,0
BRDA:127,14,0,2
BRDA:127,14,1,0
BRDA:145,15,0,1
BRDA:145,15,1,1
BRDA:161,16,0,0
BRDA:161,16,1,0
BRDA:162,17,0,0
BRDA:162,17,1,0
BRDA:181,18,0,0
BRDA:181,18,1,2
BRDA:190,19,0,2
BRDA:190,19,1,1
BRDA:191,20,0,0
BRDA:191,20,1,2
BRDA:192,21,0,2
BRDA:192,21,1,0
BRDA:193,22,0,0
BRDA:193,22,1,2
BRDA:198,23,0,2
BRDA:198,23,1,0
BRDA:201,24,0,0
BRDA:201,24,1,2
BRDA:226,25,0,0
BRDA:226,25,1,0
BRDA:227,26,0,0
BRDA:227,26,1,0
BRDA:246,27,0,1
BRDA:246,27,1,1
BRDA:258,28,0,0
BRDA:258,28,1,1
BRDA:276,29,0,0
BRDA:276,29,1,0
BRDA:277,30,0,0
BRDA:277,30,1,0
BRDA:298,31,0,1
BRDA:298,31,1,0
BRDA:311,32,0,0
BRDA:311,32,1,0
BRDA:312,33,0,0
BRDA:312,33,1,0
BRDA:331,34,0,0
BRDA:331,34,1,1
BRDA:331,35,0,1
BRDA:331,35,1,0
BRDA:333,36,0,0
BRDA:333,36,1,0
BRDA:364,37,0,0
BRDA:364,37,1,0
BRDA:406,38,0,0
BRDA:406,38,1,0
BRDA:423,39,0,0
BRDA:423,39,1,0
BRDA:424,40,0,0
BRDA:424,40,1,0
BRDA:432,41,0,0
BRDA:432,41,1,0
BRDA:435,42,0,0
BRDA:435,42,1,0
BRDA:435,43,0,0
BRDA:435,43,1,0
BRDA:436,44,0,0
BRDA:436,44,1,0
BRF:90
BRH:36
end_of_record
TN:
SF:lab02-servidor-grpc/utils/protoLoader.js
FN:17,(anonymous_0)
FN:22,(anonymous_1)
FN:41,(anonymous_2)
FN:46,(anonymous_3)
FN:50,(anonymous_4)
FN:54,(anonymous_5)
FN:64,(anonymous_6)
FNF:7
FNH:4
FNDA:4,(anonymous_0)
FNDA:8,(anonymous_1)
FNDA:0,(anonymous_2)
FNDA:0,(anonymous_3)
FNDA:0,(anonymous_4)
FNDA:13,(anonymous_5)
FNDA:4,(anonymous_6)
DA:1,1
DA:2,1
DA:3,1
DA:18,4
DA:19,4
DA:23,8
DA:25,8
DA:33,8
DA:35,8
DA:36,8
DA:38,8
DA:42,0
DA:47,0
DA:51,0
DA:55,13
DA:61,13
DA:65,4
DA:66,4
DA:70,1
LF:19
LH:16
BRDA:61,0,0,13
BRDA:61,0,1,0
BRDA:66,1,0,4
BRDA:66,1,1,4
BRF:4
BRH:3
end_of_record
